// IsMasterMode 1
0

// IsLastPacket 1
1

// RxFIFOAlmostEmpty 1
7

// TxFIFOAlmostFull 1
8

// StartRdAddr 1
7b c3 b7 01

// StartWrAddr 1
c8 0a d2 04

// Descriptor 1
02 4a 18 00 7a 46 3b 1b 4d 58 50 87 c8 06 ad 7e
bc 9d 5c 84 62 f2 49 80 ba a3 a2 92 a8 b9 03 fe
00 e5 15 00 ff 25 cd f2 00 00 00 00

// Data In 1
d7 06 d5 00 

// Data Out 1
58 f5 47 95 

// IsMasterMode 2
0

// IsLastPacket 2
1

// RxFIFOAlmostEmpty 2
7

// TxFIFOAlmostFull 2
8

// StartRdAddr 2
e5 76 f4 01

// StartWrAddr 2
98 70 23 05

// Descriptor 2
19 b2 78 00 65 58 64 a9 df 4a 71 22 40 04 4a 0d
86 65 77 5d fa a1 1b e8 60 1f 58 0d d6 33 5f 1f
17 26 91 93 16 ad cd 33 00 00 00 00

// Data In 2
0c 28 c9 00 82 ed a2 67 b0 1e e1 37 03 ac 0f 00 

// Data Out 2
00 00 00 00 

// IsMasterMode 3
0

// IsLastPacket 3
1

// RxFIFOAlmostEmpty 3
7

// TxFIFOAlmostFull 3
8

// StartRdAddr 3
1d ef fc 02

// StartWrAddr 3
eb b7 b7 04

// Descriptor 3
10 f2 20 00 d1 ef d5 f0 4f 8b 9e e4 d2 6d b8 2d
22 74 ca c4 ab 22 fc 64 49 43 d3 52 bb 4b 03 9a
98 52 30 69 15 3b ec 4f 00 00 00 00

// Data In 3
b8 9b 64 a7 

// Data Out 3
c1 ff c0 06 

// IsMasterMode 4
0

// IsLastPacket 4
1

// RxFIFOAlmostEmpty 4
7

// TxFIFOAlmostFull 4
8

// StartRdAddr 4
a2 2d a0 00

// StartWrAddr 4
17 b1 c7 04

// Descriptor 4
01 b6 40 00 f2 c6 6e 5b 83 ff db 82 38 20 bb d3
f6 9c fe c5 11 90 7d af 72 a2 4a 70 b2 ed 5d 01
e8 a0 87 6b e1 3f ac d4 00 00 00 00

// Data In 4
78 ba 4e 78 4e 8d 23 0d 

// Data Out 4
00 00 00 00 

// IsMasterMode 5
0

// IsLastPacket 5
1

// RxFIFOAlmostEmpty 5
7

// TxFIFOAlmostFull 5
8

// StartRdAddr 5
49 ab 10 02

// StartWrAddr 5
44 9e ea 04

// Descriptor 5
10 b2 78 00 fc 2c 57 64 e1 33 76 3b 26 27 a2 8f
1e 69 8f 24 0a db 03 0c 15 c5 31 7e 9c 69 b3 ed
51 5e 81 8e 02 b1 c2 6a 00 00 00 00

// Data In 5
e1 6d f1 a4 fb 28 d4 79 44 fc c7 2c be 70 3f 00 

// Data Out 5
95 17 14 bf 75 03 58 24 09 c9 44 28 7e 6d cd 

// IsMasterMode 6
0

// IsLastPacket 6
1

// RxFIFOAlmostEmpty 6
7

// TxFIFOAlmostFull 6
8

// StartRdAddr 6
7b 11 24 02

// StartWrAddr 6
b4 9f 2e 05

// Descriptor 6
19 82 58 00 a0 cb 85 90 5b 82 34 62 25 8c 23 1f
49 9d ed 7d 48 d8 44 9b af 2a 72 7a f7 a4 3a e2
5b 75 03 ac 3a cb 48 7d 00 00 00 00

// Data In 6
e4 e4 80 9e 16 57 d9 34 98 71 e8 00 

// Data Out 6
00 00 00 00 

// IsMasterMode 7
0

// IsLastPacket 7
1

// RxFIFOAlmostEmpty 7
7

// TxFIFOAlmostFull 7
8

// StartRdAddr 7
5f db f0 00

// StartWrAddr 7
31 10 63 05

// Descriptor 7
19 82 68 00 51 ef f7 74 67 47 6e 65 46 c4 d9 c3
b2 44 15 4f 7c 46 9b 36 ba a5 df 38 27 9b 02 ce
10 6c 4c a5 b5 73 1b 5b 00 00 00 00

// Data In 7
74 1e 47 c1 20 f2 c9 af 4b bb a4 74 20 00 00 00 

// Data Out 7
00 00 00 00 

// IsMasterMode 8
0

// IsLastPacket 8
1

// RxFIFOAlmostEmpty 8
7

// TxFIFOAlmostFull 8
8

// StartRdAddr 8
31 0c 3f 01

// StartWrAddr 8
fc c1 e7 04

// Descriptor 8
19 62 20 00 7e 41 db e4 9f 79 c0 50 22 2f d0 17
f7 4c 72 96 d9 a0 35 7f fe a5 48 3a e4 56 ce 72
a6 2d 52 a6 5e 3f c1 7d 00 00 00 00

// Data In 8
85 97 e2 2a 

// Data Out 8
00 00 00 00 

// IsMasterMode 9
0

// IsLastPacket 9
1

// RxFIFOAlmostEmpty 9
7

// TxFIFOAlmostFull 9
8

// StartRdAddr 9
48 fe 9e 00

// StartWrAddr 9
de 38 f2 05

// Descriptor 9
1a 3e 38 00 cc c2 f9 da 58 a7 3c 43 49 3b a6 a1
d9 7a 20 c4 a6 cc ec 49 c3 b0 1f 8a c5 9c f8 78
f6 38 de e0 72 5e 63 04 00 00 00 00

// Data In 9
5a ca 19 a6 e2 8d 48 00 

// Data Out 9
a0 4b 63 7b 

// IsMasterMode 10
0

// IsLastPacket 10
1

// RxFIFOAlmostEmpty 10
7

// TxFIFOAlmostFull 10
8

// StartRdAddr 10
a4 92 87 00

// StartWrAddr 10
04 ec 2d 05

// Descriptor 10
10 7e 38 00 d1 aa 82 37 0f c8 ea 8d 6d ea 85 a7
46 4b c7 92 68 f5 c2 d0 8c 82 ff 5f 08 d8 04 7f
e0 e3 ea 26 0f 6f 89 58 00 00 00 00

// Data In 10
10 b7 2d 26 66 e1 4e 00 

// Data Out 10
8a e5 cf 39 67 f9 c9 

// IsMasterMode 11
0

// IsLastPacket 11
1

// RxFIFOAlmostEmpty 11
7

// TxFIFOAlmostFull 11
8

// StartRdAddr 11
14 5b 8e 00

// StartWrAddr 11
7c 98 07 05

// Descriptor 11
11 fe 10 00 de 83 70 20 c2 44 0f c2 43 6f 12 17
7c 3a 16 a7 1e 40 5d 7b e3 d0 03 9b d2 37 53 33
49 bb 93 3c 84 64 8a 5a 00 00 00 00

// Data In 11
3b 67 00 00 

// Data Out 11
00 00 00 00 

// IsMasterMode 12
0

// IsLastPacket 12
1

// RxFIFOAlmostEmpty 12
7

// TxFIFOAlmostFull 12
8

// StartRdAddr 12
1b 6a 65 00

// StartWrAddr 12
e9 85 4b 05

// Descriptor 12
04 32 48 00 9d 8c 37 ef 38 50 fe e9 6f 7d fd 18
8a 0c 99 80 a4 d1 ce 9c 49 52 cc 93 9b d0 8e 6d
a8 fe e3 4c 56 ab f0 78 00 00 00 00

// Data In 12
c4 af 7d 69 e3 06 1a 33 a9 00 00 00 

// Data Out 12
ff 25 04 d7 

// IsMasterMode 13
0

// IsLastPacket 13
1

// RxFIFOAlmostEmpty 13
7

// TxFIFOAlmostFull 13
8

// StartRdAddr 13
8f 4b 3e 01

// StartWrAddr 13
03 61 8f 04

// Descriptor 13
08 26 58 00 c9 ee ee 57 a8 81 3b f3 85 7d 7d 60
1b 76 a1 41 ad 6f 7e be 33 90 5b 5e fc 7b 8d 81
33 9f d4 86 ab f3 c4 ba 00 00 00 00

// Data In 13
4a a2 32 8e b9 cd 1e 22 e4 dc 01 00 

// Data Out 13
73 d4 7d 9c d0 dd f0 c4 db 77 54 

// IsMasterMode 14
0

// IsLastPacket 14
1

// RxFIFOAlmostEmpty 14
7

// TxFIFOAlmostFull 14
8

// StartRdAddr 14
03 a1 5b 00

// StartWrAddr 14
7d 6b 7b 05

// Descriptor 14
1b aa 20 00 68 1e b5 ed 86 1d 4c 9d 6f 99 95 1c
31 73 21 15 99 83 5a 75 32 b8 04 96 e4 49 33 1f
43 3b f7 1e e3 f5 57 78 00 00 00 00

// Data In 14
b6 af db 84 

// Data Out 14
b6 1e 71 7f 

// IsMasterMode 15
0

// IsLastPacket 15
1

// RxFIFOAlmostEmpty 15
7

// TxFIFOAlmostFull 15
8

// StartRdAddr 15
ed 48 00 00

// StartWrAddr 15
8e ed a3 05

// Descriptor 15
19 32 80 00 7c c6 98 e4 3a 74 c8 b0 97 a2 c5 e4
f8 8e b5 73 87 0a cb 4e 15 45 82 cc 92 6a 7d 91
31 52 4e 12 c5 71 09 f1 00 00 00 00

// Data In 15
a6 c8 b8 93 b4 60 6f 5d e5 dd cd 11 29 a5 9b aa 

// Data Out 15
00 00 00 00 

// IsMasterMode 16
0

// IsLastPacket 16
1

// RxFIFOAlmostEmpty 16
7

// TxFIFOAlmostFull 16
8

// StartRdAddr 16
51 51 17 02

// StartWrAddr 16
8c 87 fc 04

// Descriptor 16
01 6e 18 00 64 71 82 ed 16 80 7c 1f ae b3 d5 07
34 2a cc 06 d2 d9 7b 1a bf f7 45 7b cc 62 71 29
dc c0 f7 7c b4 e8 9c da 00 00 00 00

// Data In 16
42 5a 34 00 

// Data Out 16
00 00 00 00 

// IsMasterMode 17
0

// IsLastPacket 17
1

// RxFIFOAlmostEmpty 17
7

// TxFIFOAlmostFull 17
8

// StartRdAddr 17
c2 87 67 02

// StartWrAddr 17
3e f9 a9 05

// Descriptor 17
18 d6 28 00 84 c9 2b b2 00 b4 c2 86 cf 9a 6e 74
bb 7a b6 cd 1e b2 32 fa 9f 1f b2 9f d3 54 b7 4e
29 ef 86 2b 00 79 6d 81 00 00 00 00

// Data In 17
dc 8d 2a dc d6 00 00 00 

// Data Out 17
75 20 db d6 eb 

// IsMasterMode 18
0

// IsLastPacket 18
1

// RxFIFOAlmostEmpty 18
7

// TxFIFOAlmostFull 18
8

// StartRdAddr 18
13 0b 28 01

// StartWrAddr 18
02 9a a0 05

// Descriptor 18
0b ce 28 00 7c 41 b9 ed 2f e8 82 fc 6b 34 dc bd
3d 1d ab 20 d6 6b 1c 28 a1 8d 6a 4a 6c 5c 7b 1f
d5 64 49 a4 38 b0 ea 60 00 00 00 00

// Data In 18
53 f5 cd 89 94 00 00 00 

// Data Out 18
73 7c 8b 60 

// IsMasterMode 19
0

// IsLastPacket 19
1

// RxFIFOAlmostEmpty 19
7

// TxFIFOAlmostFull 19
8

// StartRdAddr 19
b4 72 82 00

// StartWrAddr 19
8e ca a5 05

// Descriptor 19
01 6e 70 00 1f 22 9a 84 2f 50 42 86 ea 3b 13 2b
df 28 a8 e3 2f c5 cc ad 14 d5 bc 11 ec b5 2b e8
51 37 dd ae a8 b9 25 a8 00 00 00 00

// Data In 19
df c7 5b c6 55 2d 29 0d d8 af 03 fb e3 b4 00 00 

// Data Out 19
00 00 00 00 

// IsMasterMode 20
0

// IsLastPacket 20
1

// RxFIFOAlmostEmpty 20
7

// TxFIFOAlmostFull 20
8

// StartRdAddr 20
03 a0 4a 00

// StartWrAddr 20
2e 91 1f 04

// Descriptor 20
10 02 58 00 a5 3f 85 10 e1 66 13 f8 2a bb 63 a8
1f a5 38 7b 71 9d 79 81 40 34 2b 74 ca 79 bd a6
6d 74 d5 23 44 29 ff 26 00 00 00 00

// Data In 20
90 ea 80 4e 13 a3 21 3c a9 66 36 00 

// Data Out 20
66 56 29 56 92 4d d0 be e5 1b 06 

// IsMasterMode 21
0

// IsLastPacket 21
1

// RxFIFOAlmostEmpty 21
7

// TxFIFOAlmostFull 21
8

// StartRdAddr 21
8b d4 36 00

// StartWrAddr 21
d0 80 1c 05

// Descriptor 21
09 2a 10 00 8e c0 98 d3 9d 38 b9 02 87 87 84 77
84 82 68 99 b3 ab 5c 94 a4 c6 ef 84 21 7a 7c 59
fd db 0a 36 d1 41 54 13 00 00 00 00

// Data In 21
d4 5a 00 00 

// Data Out 21
00 00 00 00 

// IsMasterMode 22
0

// IsLastPacket 22
1

// RxFIFOAlmostEmpty 22
7

// TxFIFOAlmostFull 22
8

// StartRdAddr 22
a4 34 b2 00

// StartWrAddr 22
16 c3 1b 04

// Descriptor 22
00 1a 60 00 5c 14 c4 5d b8 9e f0 92 1a c4 f0 57
d5 5a 2e 6e cd 02 07 24 38 77 13 88 40 d0 eb 31
f9 e5 4b b6 00 b6 32 8a 00 00 00 00

// Data In 22
67 4b aa b9 ba b7 e7 fc 76 bf 22 d7 

// Data Out 22
67 4b aa b9 ba b7 e7 fc 76 bf 22 d7 

// IsMasterMode 23
0

// IsLastPacket 23
1

// RxFIFOAlmostEmpty 23
7

// TxFIFOAlmostFull 23
8

// StartRdAddr 23
d5 2a fb 00

// StartWrAddr 23
0e 32 1d 04

// Descriptor 23
03 06 58 00 68 4d 96 42 4d 60 a2 ae c4 fa 7a 55
0f e6 9e 1f 36 46 18 44 f5 41 40 16 f8 81 b4 2f
e8 d6 49 93 87 72 70 6d 00 00 00 00

// Data In 23
32 03 ac e2 cb 98 d1 06 fc 7c c3 00 

// Data Out 23
16 23 e5 07 

// IsMasterMode 24
0

// IsLastPacket 24
1

// RxFIFOAlmostEmpty 24
7

// TxFIFOAlmostFull 24
8

// StartRdAddr 24
25 e5 f0 00

// StartWrAddr 24
de 1c 38 04

// Descriptor 24
13 d2 18 00 b5 09 20 d7 27 3c a1 51 12 84 ab 2c
68 dd 09 54 b9 13 a9 3c b9 46 2f 54 ea 66 72 18
fc d9 cc 32 17 d7 f8 8b 00 00 00 00

// Data In 24
ef 80 d4 00 

// Data Out 24
1a bb 5a 78 

// IsMasterMode 25
0

// IsLastPacket 25
1

// RxFIFOAlmostEmpty 25
7

// TxFIFOAlmostFull 25
8

// StartRdAddr 25
98 41 96 00

// StartWrAddr 25
2d cb 8c 05

// Descriptor 25
01 aa 40 00 34 56 65 60 c7 96 3a 3c 25 ab 5d e2
68 4b 23 b7 bc a3 fd e2 0d 6d b7 87 26 24 24 65
51 b3 a0 ba 4f 1c 9b 9e 00 00 00 00

// Data In 25
99 3b b5 dd e6 78 48 ec 

// Data Out 25
00 00 00 00 

// IsMasterMode 26
0

// IsLastPacket 26
1

// RxFIFOAlmostEmpty 26
7

// TxFIFOAlmostFull 26
8

// StartRdAddr 26
5b 31 3a 00

// StartWrAddr 26
07 92 8f 04

// Descriptor 26
0a 0a 18 00 d7 54 2c 18 f2 5a 38 1c 39 d7 bb 0d
49 9f 3d d8 4d 18 02 b6 63 62 3f 42 20 56 60 cc
df 64 d2 40 ad 67 1c 1f 00 00 00 00

// Data In 26
5c 95 b5 00 

// Data Out 26
29 80 5a f1 

// IsMasterMode 27
0

// IsLastPacket 27
1

// RxFIFOAlmostEmpty 27
7

// TxFIFOAlmostFull 27
8

// StartRdAddr 27
2f 2e 1a 02

// StartWrAddr 27
26 08 42 04

// Descriptor 27
11 4e 10 00 76 7f fb 9a 90 7e 0a a0 a8 43 52 a5
37 e1 51 ac 48 5f f8 f9 43 4e 60 95 8e 8b 25 a5
04 b5 58 37 b7 10 6b 3b 00 00 00 00

// Data In 27
ac b9 00 00 

// Data Out 27
00 00 00 00 

// IsMasterMode 28
0

// IsLastPacket 28
1

// RxFIFOAlmostEmpty 28
7

// TxFIFOAlmostFull 28
8

// StartRdAddr 28
eb 0b ed 01

// StartWrAddr 28
80 40 f1 04

// Descriptor 28
10 f2 48 00 48 ad 59 b7 c6 dd 40 40 d3 4e c3 6f
c3 e5 37 34 ca 3b 58 bc 99 30 b8 2d 1b 74 25 a2
c8 a4 3c 1d df 71 ba d3 00 00 00 00

// Data In 28
7c 16 ca 07 84 26 8f 12 38 00 00 00 

// Data Out 28
fb a7 98 dc 1e 5c f2 5b 4c 

// IsMasterMode 29
0

// IsLastPacket 29
1

// RxFIFOAlmostEmpty 29
7

// TxFIFOAlmostFull 29
8

// StartRdAddr 29
f2 71 72 00

// StartWrAddr 29
09 3e 3e 05

// Descriptor 29
11 b2 68 00 6d 0e c1 0f 06 e8 d1 ec 2f 96 a9 3b
c8 72 d7 63 e8 cb c5 e7 ce 02 6f 98 13 70 da 54
5b d2 ac 9a 60 26 9d 49 00 00 00 00

// Data In 29
37 b2 13 ae bc b9 c6 85 f6 c6 90 a5 d1 00 00 00 

// Data Out 29
00 00 00 00 

// IsMasterMode 30
0

// IsLastPacket 30
1

// RxFIFOAlmostEmpty 30
7

// TxFIFOAlmostFull 30
8

// StartRdAddr 30
15 21 91 02

// StartWrAddr 30
6e b5 11 04

// Descriptor 30
1a 16 78 00 63 db 0d e5 0a 8b 6f 59 d5 5e c7 af
82 70 46 02 75 c1 1c ad 4a 6b f3 55 55 05 25 a7
f6 a0 55 00 9f 6a fb e9 00 00 00 00

// Data In 30
72 67 e8 b2 e3 a6 a8 89 ba f6 7f 96 7c f9 7a 00 

// Data Out 30
2d 2e 7a 62 

// IsMasterMode 31
0

// IsLastPacket 31
1

// RxFIFOAlmostEmpty 31
7

// TxFIFOAlmostFull 31
8

// StartRdAddr 31
3f 13 53 00

// StartWrAddr 31
e2 49 3d 04

// Descriptor 31
1a 86 18 00 4e f8 13 b0 8c 2c 52 aa aa 7a 1a 14
2a a8 6e 3c 57 b4 4f 24 96 46 8b 08 d1 e5 25 ce
5f 88 ca ae c6 6d 27 0e 00 00 00 00

// Data In 31
a0 d5 84 00 

// Data Out 31
0f d7 40 e3 

// IsMasterMode 32
0

// IsLastPacket 32
1

// RxFIFOAlmostEmpty 32
7

// TxFIFOAlmostFull 32
8

// StartRdAddr 32
09 ef 5e 00

// StartWrAddr 32
d6 53 d4 05

// Descriptor 32
11 4a 48 00 87 74 aa e1 ee 33 8f d1 c1 f8 9e 06
65 db 75 20 19 48 6a 81 31 e7 80 78 59 e8 b1 f2
6a 37 bb b9 57 71 ae a4 00 00 00 00

// Data In 32
59 63 89 d1 7f 5f 48 f6 0a 00 00 00 

// Data Out 32
00 00 00 00 

// IsMasterMode 33
0

// IsLastPacket 33
1

// RxFIFOAlmostEmpty 33
7

// TxFIFOAlmostFull 33
8

// StartRdAddr 33
75 a1 98 02

// StartWrAddr 33
83 ed ba 04

// Descriptor 33
00 0e 20 00 3a 15 19 bc 35 6e ef 15 54 20 f0 99
65 cd c5 45 1b 4f a1 54 cd 8c 48 d2 d0 09 59 fa
40 35 93 98 fa 72 b1 3f 00 00 00 00

// Data In 33
7a 63 66 1f 

// Data Out 33
7a 63 66 1f 

// IsMasterMode 34
0

// IsLastPacket 34
1

// RxFIFOAlmostEmpty 34
7

// TxFIFOAlmostFull 34
8

// StartRdAddr 34
ae 1b 97 00

// StartWrAddr 34
74 a9 f9 04

// Descriptor 34
19 5a 50 00 81 30 9b 75 fa 26 e9 58 69 01 be 9d
8c f6 b1 aa 8b c6 6f 28 94 b8 9d 68 73 0a 3e f0
f4 0b e7 5c 13 73 1f 3d 00 00 00 00

// Data In 34
86 8e eb 38 9c bb a2 a6 9d ad 00 00 

// Data Out 34
00 00 00 00 

// IsMasterMode 35
0

// IsLastPacket 35
1

// RxFIFOAlmostEmpty 35
7

// TxFIFOAlmostFull 35
8

// StartRdAddr 35
61 d3 1d 01

// StartWrAddr 35
2c d0 29 05

// Descriptor 35
0b ce 50 00 88 07 1a 2e c5 42 39 92 48 1e bb 30
12 5f d5 d4 23 56 01 2d b0 aa bd 21 22 2e 4c 47
63 57 86 3a 19 31 17 58 00 00 00 00

// Data In 35
24 49 9b 19 72 b3 78 3a 5a cc 00 00 

// Data Out 35
38 ba 4d f2 

// IsMasterMode 36
0

// IsLastPacket 36
1

// RxFIFOAlmostEmpty 36
7

// TxFIFOAlmostFull 36
8

// StartRdAddr 36
6a 0f d2 00

// StartWrAddr 36
9e cb 4e 04

// Descriptor 36
19 f2 20 00 95 39 c7 e9 b4 30 19 68 40 4c 95 fa
29 63 0b 11 c5 f2 6d d4 e8 f7 46 c9 38 31 32 77
98 0e 77 a1 ea e6 a5 1a 00 00 00 00

// Data In 36
96 d7 59 4e 

// Data Out 36
00 00 00 00 

// IsMasterMode 37
0

// IsLastPacket 37
1

// RxFIFOAlmostEmpty 37
7

// TxFIFOAlmostFull 37
8

// StartRdAddr 37
e4 ac 35 02

// StartWrAddr 37
72 e2 da 05

// Descriptor 37
1a 06 50 00 48 7e bc d5 e4 8d 2b 59 25 29 f4 d7
ab 02 58 b0 22 a3 7e a5 d3 cd bd 21 3f e4 f5 6f
d5 22 15 b1 7d fb dd 61 00 00 00 00

// Data In 37
ea bf ce 20 99 d0 9b 1d 2e cb 00 00 

// Data Out 37
24 96 3c 00 

// IsMasterMode 38
0

// IsLastPacket 38
1

// RxFIFOAlmostEmpty 38
7

// TxFIFOAlmostFull 38
8

// StartRdAddr 38
66 51 4d 01

// StartWrAddr 38
e7 cb 6f 04

// Descriptor 38
13 f6 20 00 bd 0c 4f 83 e4 bb 76 1b 44 bc 68 c6
00 06 69 62 61 b1 9d 2e 46 12 30 d1 c5 73 7d f2
bf fc 34 60 68 a8 bd 07 00 00 00 00

// Data In 38
f4 6c d4 b2 

// Data Out 38
0e 4c 6e ec 

// IsMasterMode 39
0

// IsLastPacket 39
1

// RxFIFOAlmostEmpty 39
7

// TxFIFOAlmostFull 39
8

// StartRdAddr 39
6b 71 d8 02

// StartWrAddr 39
3f 94 7e 04

// Descriptor 39
19 02 10 00 81 6c ef 80 3d 5b b4 16 ac cf 80 f6
f9 a9 23 01 c8 81 ba 33 77 61 24 b8 d0 36 b8 7c
20 ae 10 6f 4d 86 ad ea 00 00 00 00

// Data In 39
d1 28 00 00 

// Data Out 39
00 00 00 00 

// IsMasterMode 40
0

// IsLastPacket 40
1

// RxFIFOAlmostEmpty 40
7

// TxFIFOAlmostFull 40
8

// StartRdAddr 40
14 f9 8a 01

// StartWrAddr 40
81 88 93 05

// Descriptor 40
0c 0e 48 00 13 0f 45 27 3f 4e cb 7d bf 9c 13 93
94 45 00 db 09 e8 15 58 4c cf 9c 84 45 ce 91 14
1d 5e a9 e3 71 2e 49 6f 00 00 00 00

// Data In 40
7d dc 01 ba 4f 62 65 f8 c6 00 00 00 

// Data Out 40
6b c4 b7 a5 

// IsMasterMode 41
0

// IsLastPacket 41
1

// RxFIFOAlmostEmpty 41
7

// TxFIFOAlmostFull 41
8

// StartRdAddr 41
3f 47 d9 01

// StartWrAddr 41
85 22 7c 05

// Descriptor 41
02 4e 78 00 e3 8a 7b 4b eb a7 d5 74 57 b2 0c 46
05 37 eb 60 63 09 2c fa a4 43 45 6e bb d3 ec 2f
0a 14 f6 70 49 6b a4 d3 00 00 00 00

// Data In 41
86 bd 89 07 ff 5c bf 9e ca d4 db e0 8e 00 4d 00 

// Data Out 41
a2 0d 52 2b 

// IsMasterMode 42
0

// IsLastPacket 42
1

// RxFIFOAlmostEmpty 42
7

// TxFIFOAlmostFull 42
8

// StartRdAddr 42
c8 3a 42 02

// StartWrAddr 42
3f 37 c7 04

// Descriptor 42
00 4a 40 00 50 d5 70 48 80 e8 2b 4c b5 ef 45 d4
75 1e eb ee 9d 05 1c d9 b6 5c 9c 6f 73 04 eb 8b
4b 71 25 da 42 cc 69 4b 00 00 00 00

// Data In 42
5f f1 9d 46 8d 55 4a e9 

// Data Out 42
5f f1 9d 46 8d 55 4a e9 

// IsMasterMode 43
0

// IsLastPacket 43
1

// RxFIFOAlmostEmpty 43
7

// TxFIFOAlmostFull 43
8

// StartRdAddr 43
72 12 7a 01

// StartWrAddr 43
55 25 5c 05

// Descriptor 43
13 02 78 00 51 4a c2 74 89 29 06 9a 9e 43 00 fc
e4 75 82 5b 00 d5 54 75 ac 3e 06 b0 80 66 58 d9
6c e1 b8 6f 2e 2d 81 53 00 00 00 00

// Data In 43
ba e5 aa e1 a3 e6 1f 10 67 ed 0c 08 d4 15 8c 00 

// Data Out 43
31 37 8e 4b 

// IsMasterMode 44
0

// IsLastPacket 44
1

// RxFIFOAlmostEmpty 44
7

// TxFIFOAlmostFull 44
8

// StartRdAddr 44
23 f1 2a 00

// StartWrAddr 44
ed ef 5d 05

// Descriptor 44
19 6a 68 00 66 f1 e0 6c af f8 c3 f4 a5 c3 35 59
4d e7 fb cc 02 b3 2e 73 0d 71 8d a2 06 9b b3 34
d2 2f f1 1f ef 69 bb 30 00 00 00 00

// Data In 44
c1 a3 d6 5e 56 87 ab d6 a7 b9 14 82 2c 00 00 00 

// Data Out 44
00 00 00 00 

// IsMasterMode 45
0

// IsLastPacket 45
1

// RxFIFOAlmostEmpty 45
7

// TxFIFOAlmostFull 45
8

// StartRdAddr 45
af 7a 12 00

// StartWrAddr 45
8a 02 a5 05

// Descriptor 45
19 b6 58 00 63 08 b7 6b 38 dd 6a 50 4e ac 69 ae
5e c7 7c 00 09 b5 5e 9c c0 8c 42 b8 e7 cd a4 8e
8f fa cf 38 6a a7 5a 0c 00 00 00 00

// Data In 45
65 25 91 5a 03 8b 71 58 02 8d 57 00 

// Data Out 45
00 00 00 00 

// IsMasterMode 46
0

// IsLastPacket 46
1

// RxFIFOAlmostEmpty 46
7

// TxFIFOAlmostFull 46
8

// StartRdAddr 46
6d 62 28 01

// StartWrAddr 46
60 b4 28 05

// Descriptor 46
03 5e 48 00 d6 c6 f9 0d d0 72 05 4d 5b 5d 53 56
e1 7d 4c c5 0c 37 80 14 04 c4 7f ff 37 1a 90 07
cc 19 29 5f 7c bd 12 24 00 00 00 00

// Data In 46
d8 d0 ae 1a 6e 54 14 1c 71 00 00 00 

// Data Out 46
56 aa 54 98 

// IsMasterMode 47
0

// IsLastPacket 47
1

// RxFIFOAlmostEmpty 47
7

// TxFIFOAlmostFull 47
8

// StartRdAddr 47
12 db 4b 02

// StartWrAddr 47
6a 4d f0 05

// Descriptor 47
11 2e 68 00 17 d5 1d 28 fb 6b 2f 3e b6 80 b0 c8
4c db d2 42 67 b9 e0 4f 88 98 3d 68 e5 11 8b 3d
cb 66 0e 5f d4 c7 c7 a0 00 00 00 00

// Data In 47
9b a7 ac 1b 71 d3 f8 7e 85 d8 06 c1 83 00 00 00 

// Data Out 47
00 00 00 00 

// IsMasterMode 48
0

// IsLastPacket 48
1

// RxFIFOAlmostEmpty 48
7

// TxFIFOAlmostFull 48
8

// StartRdAddr 48
82 69 c9 00

// StartWrAddr 48
e3 6d 7c 04

// Descriptor 48
08 52 38 00 65 3c 6e 9a 47 b0 9a e8 f8 5e 92 33
62 62 82 f9 05 64 8d 3c a8 fc 57 6a 27 f9 98 57
75 59 ef cb 07 8d d8 3d 00 00 00 00

// Data In 48
c0 af 09 71 db 37 e0 00 

// Data Out 48
59 3e 59 34 cb 28 9b 

// IsMasterMode 49
0

// IsLastPacket 49
1

// RxFIFOAlmostEmpty 49
7

// TxFIFOAlmostFull 49
8

// StartRdAddr 49
f8 aa 62 02

// StartWrAddr 49
25 9f 3a 05

// Descriptor 49
0a 1e 80 00 7d 17 5a e0 e9 e5 cb c8 29 ca eb 7d
ef 37 97 dc 69 1e a0 86 c0 5b 98 01 db 26 f7 42
0f 1d e6 f6 73 97 8f 3f 00 00 00 00

// Data In 49
ab fe 63 9a 54 8e 35 54 4b 16 f1 16 7f c5 dc 8d 

// Data Out 49
00 d8 a8 3f 

// IsMasterMode 50
0

// IsLastPacket 50
1

// RxFIFOAlmostEmpty 50
7

// TxFIFOAlmostFull 50
8

// StartRdAddr 50
09 fd 32 00

// StartWrAddr 50
fe 85 b9 05

// Descriptor 50
09 52 20 00 c0 61 ec 84 ba 58 e3 5e 71 0e 77 b9
e8 09 ac d1 e1 38 c1 bd 27 5d 0e 55 e9 22 72 2a
f3 c0 b4 2c 14 84 b4 06 00 00 00 00

// Data In 50
79 82 1b 77 

// Data Out 50
00 00 00 00 

// IsMasterMode 51
0

// IsLastPacket 51
1

// RxFIFOAlmostEmpty 51
7

// TxFIFOAlmostFull 51
8

// StartRdAddr 51
e8 fc 91 01

// StartWrAddr 51
28 4e d1 04

// Descriptor 51
02 e6 58 00 e7 ea 9d b7 5d f7 42 38 f6 4a 6c 04
61 17 d0 1e 3a 4a a0 81 be dd b5 28 ca 33 2b 46
a6 fa 19 88 21 3c 67 76 00 00 00 00

// Data In 51
b6 e8 51 06 8c e0 a3 61 83 6b 32 00 

// Data Out 51
4d cb aa 54 

// IsMasterMode 52
0

// IsLastPacket 52
1

// RxFIFOAlmostEmpty 52
7

// TxFIFOAlmostFull 52
8

// StartRdAddr 52
fb ee f5 00

// StartWrAddr 52
12 f0 4f 04

// Descriptor 52
1c 4e 70 00 18 18 d5 05 03 3f 5a 77 d2 ed d9 37
56 5e 58 21 e5 df 1f d5 63 5c c3 48 90 66 4f 94
49 f7 2b 48 b8 a5 fd cd 00 00 00 00

// Data In 52
51 1a 40 15 91 a2 bd 06 f4 5b b0 f1 56 65 00 00 

// Data Out 52
22 81 2e ab 

// IsMasterMode 53
0

// IsLastPacket 53
1

// RxFIFOAlmostEmpty 53
7

// TxFIFOAlmostFull 53
8

// StartRdAddr 53
fc 58 61 01

// StartWrAddr 53
c4 9b f7 04

// Descriptor 53
18 76 68 00 c2 a2 c0 d7 cf 1f 23 c0 f6 c0 ed 91
a2 53 97 13 41 47 02 75 13 e3 dd af 07 17 a8 7c
12 b5 5f 51 ae 01 b2 57 00 00 00 00

// Data In 53
06 fc f4 4b 31 e4 f2 89 41 d8 36 8a af 00 00 00 

// Data Out 53
80 9b 60 d9 5a 5c b4 b2 ce aa 95 a8 b0 

// IsMasterMode 54
0

// IsLastPacket 54
1

// RxFIFOAlmostEmpty 54
7

// TxFIFOAlmostFull 54
8

// StartRdAddr 54
44 a1 7b 00

// StartWrAddr 54
9b d5 79 04

// Descriptor 54
19 76 58 00 7e 5e a4 a9 27 76 ca f5 6c af d7 8a
38 e0 c8 f3 71 79 cd 25 a4 5f b2 d9 1b fc 91 15
43 7e f3 e4 49 47 f3 9a 00 00 00 00

// Data In 54
d4 72 0a 63 dd 0d f4 b5 09 1a ae 00 

// Data Out 54
00 00 00 00 

// IsMasterMode 55
0

// IsLastPacket 55
1

// RxFIFOAlmostEmpty 55
7

// TxFIFOAlmostFull 55
8

// StartRdAddr 55
1e d3 84 00

// StartWrAddr 55
5e 22 a8 05

// Descriptor 55
03 32 08 00 9b 68 40 19 80 3d 5c a8 87 f8 83 0a
3f 61 35 4b 66 ed b3 88 7a c4 e7 2e 02 2d d4 e2
fe 30 2f 87 2f ff c2 4a 00 00 00 00

// Data In 55
d8 00 00 00 

// Data Out 55
cf 03 07 5b 

// IsMasterMode 56
0

// IsLastPacket 56
1

// RxFIFOAlmostEmpty 56
7

// TxFIFOAlmostFull 56
8

// StartRdAddr 56
55 74 f3 01

// StartWrAddr 56
76 9e c2 05

// Descriptor 56
09 32 80 00 e6 7a cf 1c 22 ea 67 48 08 9a a1 c8
5f 40 44 5a c1 b8 b1 f1 58 b4 29 b7 89 81 1c 86
fd c5 ae 44 0c e1 99 a3 00 00 00 00

// Data In 56
16 a7 ec 71 be 92 c1 1b fa 87 8e c6 1c 2a dd f4 

// Data Out 56
00 00 00 00 

// IsMasterMode 57
0

// IsLastPacket 57
1

// RxFIFOAlmostEmpty 57
7

// TxFIFOAlmostFull 57
8

// StartRdAddr 57
76 57 4c 01

// StartWrAddr 57
f8 b3 24 05

// Descriptor 57
04 7e 80 00 1a fc 2a 44 f0 09 d5 2c 8a 14 76 94
15 b4 38 3f 7a 6f ed 1b ed a7 28 f6 32 29 d2 26
01 93 1a 48 4d 3b 77 eb 00 00 00 00

// Data In 57
a7 71 b2 b7 ed bd cc 11 79 92 13 d7 48 ba 01 57 

// Data Out 57
f3 36 fb f6 

// IsMasterMode 58
0

// IsLastPacket 58
1

// RxFIFOAlmostEmpty 58
7

// TxFIFOAlmostFull 58
8

// StartRdAddr 58
a8 b4 b5 00

// StartWrAddr 58
3f 89 aa 04

// Descriptor 58
08 0a 20 00 b8 0a ef d0 a5 94 69 37 34 44 50 e5
17 35 53 1b 2b 63 13 14 6c d0 ce ff 7b 86 0b 17
4b 59 a3 51 b2 29 26 6c 00 00 00 00

// Data In 58
ac b8 43 37 

// Data Out 58
81 8c 2f f4 

// IsMasterMode 59
0

// IsLastPacket 59
1

// RxFIFOAlmostEmpty 59
7

// TxFIFOAlmostFull 59
8

// StartRdAddr 59
b3 e7 cd 01

// StartWrAddr 59
75 cd 76 05

// Descriptor 59
18 e2 50 00 a1 f5 6a 1e 01 23 29 9f f0 c8 30 fc
09 9f 8e 1e 02 40 8b df 32 52 3f 8d 2f 11 27 0c
14 54 d9 2a 5e 6a 98 4b 00 00 00 00

// Data In 59
75 40 d5 8f 0c 30 52 9a b6 1f 00 00 

// Data Out 59
ab 72 e6 60 d3 63 95 d9 80 eb 

// IsMasterMode 60
0

// IsLastPacket 60
1

// RxFIFOAlmostEmpty 60
7

// TxFIFOAlmostFull 60
8

// StartRdAddr 60
00 93 2a 02

// StartWrAddr 60
33 a3 6c 04

// Descriptor 60
12 6e 18 00 10 61 cb 66 04 b5 a9 41 ec cb 8b a8
cf 7c 24 52 84 d3 60 11 93 9c da 73 71 0d 78 f7
fe 44 56 8e e1 d4 23 5a 00 00 00 00

// Data In 60
c6 d7 b0 00 

// Data Out 60
e7 20 0e dc 

// IsMasterMode 61
0

// IsLastPacket 61
1

// RxFIFOAlmostEmpty 61
7

// TxFIFOAlmostFull 61
8

// StartRdAddr 61
09 2a 0a 01

// StartWrAddr 61
0a b3 f5 05

// Descriptor 61
00 26 58 00 cb f2 f7 6b e1 bd b2 e8 e3 d6 58 ed
b7 89 05 00 0b 96 48 31 c3 a8 a7 b6 bb 6f 96 da
4e 51 e0 e1 ea 85 9d 96 00 00 00 00

// Data In 61
b2 f3 83 5d fb b1 2c ac df 0d 0c 00 

// Data Out 61
b2 f3 83 5d fb b1 2c ac df 0d 0c 

// IsMasterMode 62
0

// IsLastPacket 62
1

// RxFIFOAlmostEmpty 62
7

// TxFIFOAlmostFull 62
8

// StartRdAddr 62
2b fe ac 02

// StartWrAddr 62
c2 94 fc 05

// Descriptor 62
13 c6 10 00 d6 5a 7c 8c a4 ca 7a 11 53 3b 83 91
74 6f 8a 2b 84 40 80 3e 18 35 c8 31 d4 5a 5d 14
36 61 77 f6 f4 ab fc 02 00 00 00 00

// Data In 62
ff 1e 00 00 

// Data Out 62
25 13 26 d9 

// IsMasterMode 63
0

// IsLastPacket 63
1

// RxFIFOAlmostEmpty 63
7

// TxFIFOAlmostFull 63
8

// StartRdAddr 63
fa 2a 72 00

// StartWrAddr 63
26 57 09 04

// Descriptor 63
1a ee 30 00 17 95 d5 68 2c 55 b1 f0 0f fa d7 dd
5b 0b 17 ee 50 67 dd f7 09 ee d0 0c 58 b5 e4 70
8c e6 63 7b 04 c6 8f f1 00 00 00 00

// Data In 63
6c 21 14 35 79 60 00 00 

// Data Out 63
24 a1 c9 41 

// IsMasterMode 64
0

// IsLastPacket 64
1

// RxFIFOAlmostEmpty 64
7

// TxFIFOAlmostFull 64
8

// StartRdAddr 64
6f 11 ec 02

// StartWrAddr 64
7a 51 53 04

// Descriptor 64
00 5e 28 00 a3 70 99 8f 33 38 af cd a9 ed 30 e6
a8 f6 5a 8b 24 4f dc a8 de 1f e2 03 3b 16 da 68
4b 84 25 a9 28 e2 a6 4c 00 00 00 00

// Data In 64
c2 37 29 4e 83 00 00 00 

// Data Out 64
c2 37 29 4e 83 

// IsMasterMode 65
0

// IsLastPacket 65
1

// RxFIFOAlmostEmpty 65
7

// TxFIFOAlmostFull 65
8

// StartRdAddr 65
d3 d7 bb 02

// StartWrAddr 65
0e 08 17 04

// Descriptor 65
02 76 48 00 43 34 4f ed 29 35 f2 b1 83 e4 36 a6
f7 e9 72 23 b7 1f b2 f2 f2 7d 98 7a 94 6d 3b b1
c0 4d 7b 7c f2 5a f9 43 00 00 00 00

// Data In 65
5d 0c da 12 31 51 b7 be 6c 00 00 00 

// Data Out 65
9f a9 39 13 

// IsMasterMode 66
0

// IsLastPacket 66
1

// RxFIFOAlmostEmpty 66
7

// TxFIFOAlmostFull 66
8

// StartRdAddr 66
6b 3c ea 00

// StartWrAddr 66
64 80 0c 05

// Descriptor 66
18 4a 08 00 a5 aa b1 65 a9 3a fd 65 85 12 12 fd
c9 73 92 5e f2 30 31 49 88 53 e1 2f ad 0f fd 55
cf 33 26 87 62 f9 15 e1 00 00 00 00

// Data In 66
01 00 00 00 

// Data Out 66
dd 

// IsMasterMode 67
0

// IsLastPacket 67
1

// RxFIFOAlmostEmpty 67
7

// TxFIFOAlmostFull 67
8

// StartRdAddr 67
69 c8 67 00

// StartWrAddr 67
d5 06 82 05

// Descriptor 67
09 7e 60 00 92 85 2b 5d 8d 56 4a 61 c1 9e 6b e9
d2 d6 09 cb f0 1b 46 66 ed cc e4 75 6a 43 35 81
b8 ac ea 4b 75 b9 71 38 00 00 00 00

// Data In 67
3d 6d 30 d4 b7 c6 40 ce 02 94 c8 21 

// Data Out 67
00 00 00 00 

// IsMasterMode 68
0

// IsLastPacket 68
1

// RxFIFOAlmostEmpty 68
7

// TxFIFOAlmostFull 68
8

// StartRdAddr 68
9e 4e 58 02

// StartWrAddr 68
16 97 3c 04

// Descriptor 68
19 ea 70 00 5e a8 e0 89 4b 5d 24 72 af 34 96 cf
f7 1e f1 a1 7d 27 61 af 56 03 1a 16 0d 12 e6 49
43 9f b2 ee 3b 7c 9e f2 00 00 00 00

// Data In 68
46 a1 94 b4 23 d0 23 6d e2 8f 39 f1 f6 33 00 00 

// Data Out 68
00 00 00 00 

// IsMasterMode 69
0

// IsLastPacket 69
1

// RxFIFOAlmostEmpty 69
7

// TxFIFOAlmostFull 69
8

// StartRdAddr 69
90 eb b1 00

// StartWrAddr 69
db 2a 6f 04

// Descriptor 69
14 b6 58 00 09 ce 9a 15 64 6d 2c 2d e7 1a 42 21
b2 e0 d5 28 95 35 54 c5 3a 55 6e 50 b1 9e 33 04
19 b6 3c 7a 34 2b 8a d2 00 00 00 00

// Data In 69
5b e7 19 06 0b a8 86 ca 52 85 fd 00 

// Data Out 69
5a 04 70 11 

// IsMasterMode 70
0

// IsLastPacket 70
1

// RxFIFOAlmostEmpty 70
7

// TxFIFOAlmostFull 70
8

// StartRdAddr 70
01 45 96 02

// StartWrAddr 70
6b 88 97 04

// Descriptor 70
09 96 38 00 61 82 db 39 89 cf 28 7e 60 20 bf 50
53 8b 47 e3 38 ab aa 12 e8 08 e2 79 38 aa c1 d5
d4 c8 03 af 55 cf c5 d0 00 00 00 00

// Data In 70
47 66 9b 7a 5f e8 0d 00 

// Data Out 70
00 00 00 00 

// IsMasterMode 71
0

// IsLastPacket 71
1

// RxFIFOAlmostEmpty 71
7

// TxFIFOAlmostFull 71
8

// StartRdAddr 71
3f 9c f1 02

// StartWrAddr 71
eb bf b8 04

// Descriptor 71
08 96 50 00 33 4c 9f 69 43 08 bf cb c5 24 e6 ab
77 f8 88 c5 45 9a 51 f9 0a 85 a2 0e cc 48 34 f7
d1 13 48 3b 99 0b 5b 98 00 00 00 00

// Data In 71
36 90 f1 df 82 d6 4b b6 3d 75 00 00 

// Data Out 71
e6 62 68 d8 19 73 fd ce 17 9a 

// IsMasterMode 72
0

// IsLastPacket 72
1

// RxFIFOAlmostEmpty 72
7

// TxFIFOAlmostFull 72
8

// StartRdAddr 72
ea 59 98 00

// StartWrAddr 72
b2 d5 ff 05

// Descriptor 72
14 ca 40 00 c5 2d a7 67 2f f6 bd e8 46 d8 4b 1f
53 cd dd 35 20 0a 15 23 82 8a cc c7 b6 a3 a9 57
1f 8c 3c b2 68 25 84 11 00 00 00 00

// Data In 72
f7 ed 2a 7e b0 90 31 8b 

// Data Out 72
87 79 96 fd 

// IsMasterMode 73
0

// IsLastPacket 73
1

// RxFIFOAlmostEmpty 73
7

// TxFIFOAlmostFull 73
8

// StartRdAddr 73
50 9f 54 01

// StartWrAddr 73
2d 8b 33 05

// Descriptor 73
0a 82 68 00 89 c1 dd ff 1c 64 bf 39 97 52 c3 9f
8a 0f a6 49 eb 68 57 c0 1c 4a b2 36 90 5c 6e b8
4c 43 3b d0 42 06 4d da 00 00 00 00

// Data In 73
78 56 4f c2 25 a4 48 cf d5 db bc 5b d7 00 00 00 

// Data Out 73
49 0e 70 c1 

// IsMasterMode 74
0

// IsLastPacket 74
1

// RxFIFOAlmostEmpty 74
7

// TxFIFOAlmostFull 74
8

// StartRdAddr 74
61 de 04 02

// StartWrAddr 74
35 b6 91 05

// Descriptor 74
1b 36 08 00 3f 87 f7 d8 59 32 04 b2 e9 1b e0 e9
f7 a0 8c 81 e9 0c bb 29 a8 1b f8 68 c7 bd ac f6
93 92 36 b6 82 53 0a 11 00 00 00 00

// Data In 74
47 00 00 00 

// Data Out 74
6d 89 4b 76 

// IsMasterMode 75
0

// IsLastPacket 75
1

// RxFIFOAlmostEmpty 75
7

// TxFIFOAlmostFull 75
8

// StartRdAddr 75
4e d4 60 01

// StartWrAddr 75
ba 2e 14 04

// Descriptor 75
1a ca 08 00 47 02 85 22 90 14 90 8e 80 d6 ff 8a
3e d5 22 43 de 9d 67 a6 47 96 ad 01 0e 82 31 71
fb 70 b3 26 4e df 43 40 00 00 00 00

// Data In 75
7c 00 00 00 

// Data Out 75
fb 01 f3 17 

// IsMasterMode 76
0

// IsLastPacket 76
1

// RxFIFOAlmostEmpty 76
7

// TxFIFOAlmostFull 76
8

// StartRdAddr 76
74 61 2d 02

// StartWrAddr 76
1c 1a 15 05

// Descriptor 76
01 2a 78 00 40 7e ea e3 87 d6 d9 78 d5 be 60 68
e2 62 f1 88 27 9f ff a9 c3 39 59 32 3a 67 23 f7
b3 0a 3c 1c 13 78 2f 34 00 00 00 00

// Data In 76
4d ed e5 db fe e1 41 55 62 d3 1e 68 76 cf 1b 00 

// Data Out 76
00 00 00 00 

// IsMasterMode 77
0

// IsLastPacket 77
1

// RxFIFOAlmostEmpty 77
7

// TxFIFOAlmostFull 77
8

// StartRdAddr 77
dd bf 36 01

// StartWrAddr 77
a6 25 b2 05

// Descriptor 77
10 16 48 00 57 e7 d4 cc 7a 81 af a4 31 b0 73 ff
cc 66 01 30 74 8f d6 0b ca 4f fd 25 f7 57 2a f2
bf 38 fc 69 44 9e 8b f8 00 00 00 00

// Data In 77
cc af cc d5 04 61 46 5d cb 00 00 00 

// Data Out 77
84 79 34 6d 7c 1b 3c 0e ed 

// IsMasterMode 78
0

// IsLastPacket 78
1

// RxFIFOAlmostEmpty 78
7

// TxFIFOAlmostFull 78
8

// StartRdAddr 78
14 d8 49 02

// StartWrAddr 78
45 a9 60 05

// Descriptor 78
02 ae 68 00 0f 12 26 79 a4 15 b3 16 cf 72 4f f8
31 d5 25 74 ee 72 17 fb 5c 3f c3 31 98 f9 1c a3
4e 2e af 7c f1 60 65 dc 00 00 00 00

// Data In 78
9d f4 87 c8 f3 86 f1 5c fe 82 b4 ac d4 00 00 00 

// Data Out 78
02 ae b0 70 

// IsMasterMode 79
0

// IsLastPacket 79
1

// RxFIFOAlmostEmpty 79
7

// TxFIFOAlmostFull 79
8

// StartRdAddr 79
7d 56 2f 00

// StartWrAddr 79
7a 68 40 04

// Descriptor 79
14 a2 50 00 08 fc 59 c2 51 01 75 d1 82 0a 3b d1
6d b6 27 98 1f 9e 3e 32 39 cc fd 7e 8e 5b 04 cd
ae 16 3a 26 da b8 9f eb 00 00 00 00

// Data In 79
b0 e3 16 3f 1b 0c 87 f3 5a 34 00 00 

// Data Out 79
f7 b4 24 2d 

// IsMasterMode 80
0

// IsLastPacket 80
1

// RxFIFOAlmostEmpty 80
7

// TxFIFOAlmostFull 80
8

// StartRdAddr 80
82 16 69 01

// StartWrAddr 80
14 ed 0c 05

// Descriptor 80
12 1a 20 00 dd 42 18 0d 45 1f 0c 1a 13 93 55 17
f5 e8 08 fe 67 74 01 97 4b 25 83 3b 42 55 e5 4c
bc 1b 05 5e ff 93 51 ec 00 00 00 00

// Data In 80
29 f7 4d 64 

// Data Out 80
dd c7 ee 1b 

// IsMasterMode 81
0

// IsLastPacket 81
1

// RxFIFOAlmostEmpty 81
7

// TxFIFOAlmostFull 81
8

// StartRdAddr 81
2b 19 e0 02

// StartWrAddr 81
ab 7f a0 04

// Descriptor 81
18 be 70 00 91 1f de 16 74 8b 71 33 b5 10 c7 05
2b 5a a2 f1 47 01 05 5b ef ef 06 da ce c6 70 13
74 34 6f 6a 77 e7 29 f2 00 00 00 00

// Data In 81
43 57 92 d6 e3 91 d7 7f 59 53 44 00 bc 64 00 00 

// Data Out 81
0d f6 d0 de 86 99 a2 05 af 34 0d 45 c3 3c 

// IsMasterMode 82
0

// IsLastPacket 82
1

// RxFIFOAlmostEmpty 82
7

// TxFIFOAlmostFull 82
8

// StartRdAddr 82
d5 6c 1a 02

// StartWrAddr 82
4d 23 93 05

// Descriptor 82
03 c2 18 00 f1 b0 02 0c a7 a0 ae ff c0 bd a4 9f
1c 13 28 ca aa 82 c1 1d 8a 5f 33 38 7b bc fb 1e
97 8e c7 b9 fa e1 f5 7b 00 00 00 00

// Data In 82
bb 5a 63 00 

// Data Out 82
fc e0 d6 91 

// IsMasterMode 83
0

// IsLastPacket 83
1

// RxFIFOAlmostEmpty 83
7

// TxFIFOAlmostFull 83
8

// StartRdAddr 83
05 7c 03 00

// StartWrAddr 83
81 19 80 05

// Descriptor 83
03 fa 78 00 9d f4 a6 34 f7 d8 b7 f2 0c 08 1b fc
78 7e bf 14 c6 84 42 57 50 fe 05 9f 58 27 ab bf
32 1c 27 cf 3f 82 fb 74 00 00 00 00

// Data In 83
ef 67 0f d7 af ed 8f e6 f9 b8 9a da 24 d0 4a 00 

// Data Out 83
18 56 cf d0 

// IsMasterMode 84
0

// IsLastPacket 84
1

// RxFIFOAlmostEmpty 84
7

// TxFIFOAlmostFull 84
8

// StartRdAddr 84
7c 72 4a 02

// StartWrAddr 84
90 07 dd 04

// Descriptor 84
04 d6 18 00 d7 ea 62 4d cc 5f 9e 13 3d e5 49 59
c3 86 89 78 7a d4 68 f3 99 36 e1 ae e9 15 c3 38
e2 fc 70 0a 37 8c cf 29 00 00 00 00

// Data In 84
1e 04 96 00 

// Data Out 84
f7 ed 4e 5d 

// IsMasterMode 85
0

// IsLastPacket 85
1

// RxFIFOAlmostEmpty 85
7

// TxFIFOAlmostFull 85
8

// StartRdAddr 85
c3 4e eb 02

// StartWrAddr 85
86 7f 3d 04

// Descriptor 85
13 d2 38 00 2e 68 6b 5d 4f 6f 70 01 34 d6 c4 5f
61 b3 cd 7f 6b ba ce d5 43 f5 db 1a 6e ce a3 e1
46 3b 92 76 1c 59 52 8f 00 00 00 00

// Data In 85
b7 d4 6b e3 0f 7b 7f 00 

// Data Out 85
b5 4e be 47 

// IsMasterMode 86
0

// IsLastPacket 86
1

// RxFIFOAlmostEmpty 86
7

// TxFIFOAlmostFull 86
8

// StartRdAddr 86
12 55 7e 00

// StartWrAddr 86
44 77 f2 04

// Descriptor 86
18 7e 30 00 b3 19 44 77 42 1e d1 03 60 b5 b8 42
db 16 33 17 e0 62 a9 5d a1 18 e8 07 6e 1c 43 ba
b6 ab 4e c0 54 6f 9c 64 00 00 00 00

// Data In 86
03 16 79 39 a6 36 00 00 

// Data Out 86
95 be 5d 91 e2 ba 

// IsMasterMode 87
0

// IsLastPacket 87
1

// RxFIFOAlmostEmpty 87
7

// TxFIFOAlmostFull 87
8

// StartRdAddr 87
30 6f 8a 02

// StartWrAddr 87
fc a7 15 05

// Descriptor 87
0a 3a 08 00 38 90 ee 9e 5b ce b6 59 86 9c d7 1b
10 19 07 45 3d 82 af c4 3d 59 02 e6 c0 1f 63 c6
95 61 b5 92 7d 94 e1 15 00 00 00 00

// Data In 87
78 00 00 00 

// Data Out 87
7b 73 48 64 

// IsMasterMode 88
0

// IsLastPacket 88
1

// RxFIFOAlmostEmpty 88
7

// TxFIFOAlmostFull 88
8

// StartRdAddr 88
78 b5 53 02

// StartWrAddr 88
fa 4b a2 05

// Descriptor 88
00 2e 80 00 74 b1 2e 6e 80 50 49 a3 8b 09 f2 29
e8 ba e2 2d d7 5d 03 24 aa 9b 88 d7 87 f4 35 ec
7e 66 00 b5 a7 84 83 74 00 00 00 00

// Data In 88
1c d1 8f 75 e3 23 eb b6 70 3d ed 23 a1 fa 03 47 

// Data Out 88
1c d1 8f 75 e3 23 eb b6 70 3d ed 23 a1 fa 03 47 

// IsMasterMode 89
0

// IsLastPacket 89
1

// RxFIFOAlmostEmpty 89
7

// TxFIFOAlmostFull 89
8

// StartRdAddr 89
06 c8 c5 00

// StartWrAddr 89
e1 80 6e 05

// Descriptor 89
19 06 48 00 d7 83 e5 f5 b7 cc 5c 3d 95 78 7e ed
f0 34 58 d6 9c 8f e2 4f cb be ea 4e 7c 67 11 f4
8e 41 26 62 d9 b5 27 f3 00 00 00 00

// Data In 89
27 d6 b5 53 78 9c b4 9b 0b 00 00 00 

// Data Out 89
00 00 00 00 

// IsMasterMode 90
0

// IsLastPacket 90
1

// RxFIFOAlmostEmpty 90
7

// TxFIFOAlmostFull 90
8

// StartRdAddr 90
95 d8 25 00

// StartWrAddr 90
96 28 d5 05

// Descriptor 90
19 02 10 00 95 ce 5c 03 3b e8 c3 41 c7 c8 b4 c4
e8 b5 8d 97 dd 12 c5 0b 28 17 e4 1c 8e 5a 37 cf
ba 62 85 45 d6 e1 a2 a8 00 00 00 00

// Data In 90
40 da 00 00 

// Data Out 90
00 00 00 00 

// IsMasterMode 91
0

// IsLastPacket 91
1

// RxFIFOAlmostEmpty 91
7

// TxFIFOAlmostFull 91
8

// StartRdAddr 91
25 a9 1b 02

// StartWrAddr 91
f2 33 54 04

// Descriptor 91
0c 7e 48 00 40 6e 2a f0 44 b3 37 3a f7 30 a3 3c
00 e2 dd d2 72 08 96 26 e6 43 89 38 a2 6d 1b 46
d3 4f db 0c f1 b3 68 b2 00 00 00 00

// Data In 91
e8 85 8e 1a 3a d8 22 13 e2 00 00 00 

// Data Out 91
7a 89 a8 07 

// IsMasterMode 92
0

// IsLastPacket 92
1

// RxFIFOAlmostEmpty 92
7

// TxFIFOAlmostFull 92
8

// StartRdAddr 92
6d 90 d8 02

// StartWrAddr 92
ee dd 52 04

// Descriptor 92
04 b2 08 00 49 40 87 c9 7f 33 36 1a 6f a5 a3 78
64 02 da 2a b6 d2 de cc ee 6e 32 44 3e a1 81 ab
58 91 4a d9 fc 47 23 3d 00 00 00 00

// Data In 92
92 00 00 00 

// Data Out 92
48 bb 69 9a 

// IsMasterMode 93
0

// IsLastPacket 93
1

// RxFIFOAlmostEmpty 93
7

// TxFIFOAlmostFull 93
8

// StartRdAddr 93
08 a0 75 02

// StartWrAddr 93
d2 65 a4 05

// Descriptor 93
18 32 58 00 f5 a2 98 cc 50 3b 8b 10 7a 37 d6 40
6c b4 be 17 ae 2f 4e ef 68 29 e4 af 41 df 74 b6
53 2a b5 56 73 89 d8 b2 00 00 00 00

// Data In 93
f1 77 d5 47 a6 9f ee b7 2c 37 06 00 

// Data Out 93
f9 dd b8 11 86 71 4e bb 7b 56 d5 

// IsMasterMode 94
0

// IsLastPacket 94
1

// RxFIFOAlmostEmpty 94
7

// TxFIFOAlmostFull 94
8

// StartRdAddr 94
f4 7c 9b 00

// StartWrAddr 94
e5 95 75 05

// Descriptor 94
01 fa 70 00 c4 e4 52 3a 5d f1 92 a2 b8 7c c7 04
89 ee f2 90 0d a6 bc 08 7b ac 6f bd e1 d9 fb 02
3d c6 da 62 13 12 9c 17 00 00 00 00

// Data In 94
f2 a5 f4 45 38 d6 8f d8 30 72 45 2f f9 50 00 00 

// Data Out 94
00 00 00 00 

// IsMasterMode 95
0

// IsLastPacket 95
1

// RxFIFOAlmostEmpty 95
7

// TxFIFOAlmostFull 95
8

// StartRdAddr 95
15 7a 06 02

// StartWrAddr 95
d3 8e a3 04

// Descriptor 95
14 ba 58 00 1d 0f e8 39 cb 27 bd f4 c2 6c 62 a1
4c 45 a3 72 15 2b a9 28 c7 bb 2a 6c 9d 06 2f e0
b2 7b cb 4f e4 4b 76 73 00 00 00 00

// Data In 95
d6 23 5d 42 34 14 8d f0 d0 33 d2 00 

// Data Out 95
86 d5 aa ab 

// IsMasterMode 96
0

// IsLastPacket 96
1

// RxFIFOAlmostEmpty 96
7

// TxFIFOAlmostFull 96
8

// StartRdAddr 96
e5 f9 13 02

// StartWrAddr 96
74 44 d6 04

// Descriptor 96
11 3a 40 00 ab 46 9e 81 24 41 ec df fe 95 42 e6
bd 21 68 9f 2a 88 4c d3 1a d5 45 e8 4f a6 f1 a5
e4 7c 0d b0 5b a9 df 77 00 00 00 00

// Data In 96
2d 56 cb 29 59 cc 5a 89 

// Data Out 96
00 00 00 00 

// IsMasterMode 97
0

// IsLastPacket 97
1

// RxFIFOAlmostEmpty 97
7

// TxFIFOAlmostFull 97
8

// StartRdAddr 97
bf a0 07 01

// StartWrAddr 97
0f 59 a3 04

// Descriptor 97
04 76 30 00 5b 75 c9 47 4d 5f 28 eb e1 0a 0a 81
7b f3 61 67 0c 11 86 5a b5 e2 56 56 7f b9 38 18
ca 74 9a 36 be e0 8d 3c 00 00 00 00

// Data In 97
5c 0e 51 61 de 0f 00 00 

// Data Out 97
c5 c7 10 a9 

// IsMasterMode 98
0

// IsLastPacket 98
1

// RxFIFOAlmostEmpty 98
7

// TxFIFOAlmostFull 98
8

// StartRdAddr 98
24 ad 3d 02

// StartWrAddr 98
1a 66 40 04

// Descriptor 98
12 56 30 00 91 47 0d e2 6f 0c 0a 3a 6c 92 53 3f
9c e9 bc c6 a0 1f 64 f5 49 79 c4 49 41 66 d2 56
75 3e 79 2a 59 7c 2c ae 00 00 00 00

// Data In 98
7f c6 eb dd 00 38 00 00 

// Data Out 98
11 96 69 06 

// IsMasterMode 99
0

// IsLastPacket 99
1

// RxFIFOAlmostEmpty 99
7

// TxFIFOAlmostFull 99
8

// StartRdAddr 99
12 86 cb 00

// StartWrAddr 99
60 5f 2a 05

// Descriptor 99
0a c2 50 00 ee 70 ba 52 49 09 ba 70 e6 d8 02 a5
38 d8 9a 30 62 bf 12 7b 12 f6 36 32 33 49 12 f0
4a c0 4c ad 6b 29 c3 7e 00 00 00 00

// Data In 99
fc 08 0f ba a3 6c 00 1e 99 b5 00 00 

// Data Out 99
fc aa 15 62 

// IsMasterMode 100
0

// IsLastPacket 100
1

// RxFIFOAlmostEmpty 100
7

// TxFIFOAlmostFull 100
8

// StartRdAddr 100
2b 98 ea 01

// StartWrAddr 100
96 f2 f1 05

// Descriptor 100
1a de 10 00 74 fd 55 69 2e a8 47 da 36 b1 5e 00
f4 89 a0 8c de da e8 d5 9b 67 28 9a 15 05 62 29
97 b7 1e 24 7d f3 3a 9d 00 00 00 00

// Data In 100
5f 8b 00 00 

// Data Out 100
01 08 a1 9c 

// IsMasterMode 101
0

// IsLastPacket 101
1

// RxFIFOAlmostEmpty 101
7

// TxFIFOAlmostFull 101
8

// StartRdAddr 101
19 ec eb 02

// StartWrAddr 101
e6 cd b6 05

// Descriptor 101
0c 9e 40 00 b3 ed 70 eb c9 d8 5c 39 e7 74 87 36
da 29 21 97 f4 92 22 82 c4 e3 f1 32 2c cc 6c ee
ee b3 b9 63 20 52 19 82 00 00 00 00

// Data In 101
94 6b 15 01 df c1 20 0f 

// Data Out 101
83 26 54 11 

// IsMasterMode 102
0

// IsLastPacket 102
1

// RxFIFOAlmostEmpty 102
7

// TxFIFOAlmostFull 102
8

// StartRdAddr 102
20 9b 70 01

// StartWrAddr 102
85 ac 54 05

// Descriptor 102
04 f2 48 00 06 09 e3 3f 1b 62 11 bb e2 b0 4b ce
3e f0 09 a9 1a d7 61 32 26 13 9a f4 22 2c 7c 0b
70 19 f0 a5 60 47 2d 3e 00 00 00 00

// Data In 102
d1 08 e4 63 8c f7 9b 19 e8 00 00 00 

// Data Out 102
d8 ac 03 5d 

// IsMasterMode 103
0

// IsLastPacket 103
1

// RxFIFOAlmostEmpty 103
7

// TxFIFOAlmostFull 103
8

// StartRdAddr 103
e3 59 cf 02

// StartWrAddr 103
e7 1a 8a 04

// Descriptor 103
1a 12 08 00 61 2c 85 60 3c b3 31 c6 c7 ba 7d 24
ad ca 2b a2 20 d6 00 12 3c 7c 67 ee 16 82 14 b6
a4 f4 ed df dd 59 4d aa 00 00 00 00

// Data In 103
f7 00 00 00 

// Data Out 103
aa 1b a1 01 

// IsMasterMode 104
0

// IsLastPacket 104
1

// RxFIFOAlmostEmpty 104
7

// TxFIFOAlmostFull 104
8

// StartRdAddr 104
48 12 2d 02

// StartWrAddr 104
c8 39 db 04

// Descriptor 104
18 ba 08 00 3e 99 6e a1 20 6a ed 8a 60 a3 00 42
a7 f4 1d ec a4 b0 0f 68 a4 57 30 10 5c 82 a4 03
d3 59 42 1a b7 91 30 ca 00 00 00 00

// Data In 104
b1 00 00 00 

// Data Out 104
f9 

// IsMasterMode 105
0

// IsLastPacket 105
1

// RxFIFOAlmostEmpty 105
7

// TxFIFOAlmostFull 105
8

// StartRdAddr 105
3b e7 02 01

// StartWrAddr 105
a5 b8 84 05

// Descriptor 105
09 92 20 00 20 56 43 85 de 70 1f 5c 23 66 46 7b
c1 b8 43 c9 90 9b 50 62 5c 39 33 78 bb 47 2a 7c
49 ce 2f 92 ea 38 03 41 00 00 00 00

// Data In 105
d3 d4 df 03 

// Data Out 105
00 00 00 00 

// IsMasterMode 106
0

// IsLastPacket 106
1

// RxFIFOAlmostEmpty 106
7

// TxFIFOAlmostFull 106
8

// StartRdAddr 106
e3 ba 13 00

// StartWrAddr 106
9c e8 fc 04

// Descriptor 106
1a e2 38 00 5c a8 35 4c 51 7a 1a 31 a4 f1 b1 b7
1a 76 b0 20 c9 2a 03 5d b7 f8 a9 5d b2 b9 32 e5
18 c6 62 f1 b2 e4 c4 67 00 00 00 00

// Data In 106
9a 91 60 cd b3 a2 73 00 

// Data Out 106
58 89 ac d7 

// IsMasterMode 107
0

// IsLastPacket 107
1

// RxFIFOAlmostEmpty 107
7

// TxFIFOAlmostFull 107
8

// StartRdAddr 107
f0 70 78 00

// StartWrAddr 107
43 01 b8 04

// Descriptor 107
19 be 48 00 39 4c 22 30 04 7d 32 8b 79 7b d3 6c
8c 4c 7b 9c 4b 6c 7d 9e 08 39 0f 4b 95 14 df a2
33 fb 50 cb d4 fb b0 f0 00 00 00 00

// Data In 107
3a 3a 0d de d5 77 f8 4b 34 00 00 00 

// Data Out 107
00 00 00 00 

// IsMasterMode 108
0

// IsLastPacket 108
1

// RxFIFOAlmostEmpty 108
7

// TxFIFOAlmostFull 108
8

// StartRdAddr 108
7b 60 1a 02

// StartWrAddr 108
15 79 39 05

// Descriptor 108
04 fe 40 00 90 20 94 4d 06 44 9e 69 e0 91 c4 81
7b f3 c7 c8 a5 0f 7d 6e 34 48 41 36 c7 c0 f2 5c
0d 9c 47 fd 2f 36 aa 6d 00 00 00 00

// Data In 108
a8 b9 ad f4 85 8f ad 3b 

// Data Out 108
ee 4b e7 a8 

// IsMasterMode 109
0

// IsLastPacket 109
1

// RxFIFOAlmostEmpty 109
7

// TxFIFOAlmostFull 109
8

// StartRdAddr 109
9c fa 85 01

// StartWrAddr 109
d9 c9 5b 05

// Descriptor 109
08 6a 80 00 c0 1b 38 ee 34 b3 03 df a6 56 28 a3
cc d1 58 91 d2 dd cc 4f a0 f7 88 a7 09 a3 0a c9
c4 2d d3 66 42 c4 12 6f 00 00 00 00

// Data In 109
8f a1 43 a2 12 88 8d 0a 46 1c c2 23 c6 ef 4a 29 

// Data Out 109
16 ca cd e9 3b 23 16 32 38 1e ca 96 cd 6d 2b 19 

// IsMasterMode 110
0

// IsLastPacket 110
1

// RxFIFOAlmostEmpty 110
7

// TxFIFOAlmostFull 110
8

// StartRdAddr 110
56 5f af 01

// StartWrAddr 110
26 ac df 05

// Descriptor 110
0a 96 28 00 72 71 2c b4 24 3a f0 48 22 05 02 3e
57 6d 8f 2c 8b 33 c7 4a fc e4 40 e0 41 68 68 da
52 73 ac d8 1f 70 e9 6e 00 00 00 00

// Data In 110
2f 89 95 4f 9b 00 00 00 

// Data Out 110
62 bf 04 e8 

// IsMasterMode 111
0

// IsLastPacket 111
1

// RxFIFOAlmostEmpty 111
7

// TxFIFOAlmostFull 111
8

// StartRdAddr 111
71 e7 df 01

// StartWrAddr 111
f6 ab c0 05

// Descriptor 111
02 d2 10 00 47 79 96 1b ea cf ce a6 b8 81 59 45
56 b2 fb aa 89 cb 14 53 92 3c 76 fe 12 7b c7 bf
c9 16 b0 89 22 22 1e c0 00 00 00 00

// Data In 111
04 06 00 00 

// Data Out 111
87 9e f5 75 

// IsMasterMode 112
0

// IsLastPacket 112
1

// RxFIFOAlmostEmpty 112
7

// TxFIFOAlmostFull 112
8

// StartRdAddr 112
dd 16 06 00

// StartWrAddr 112
1a 06 19 04

// Descriptor 112
08 5a 78 00 7b f1 fc 23 3b 08 b5 f6 f6 e9 88 92
64 d9 ca 7c 21 4b 06 ac d7 e5 81 49 d3 bf 2b 32
03 8b 0a d9 fe 47 d0 90 00 00 00 00

// Data In 112
40 28 ea c7 e9 0d 61 c2 a7 d3 8d 05 ca cb 9b 00 

// Data Out 112
92 9e b9 99 b4 f0 01 9b d9 eb 6a b2 96 16 63 

// IsMasterMode 113
0

// IsLastPacket 113
1

// RxFIFOAlmostEmpty 113
7

// TxFIFOAlmostFull 113
8

// StartRdAddr 113
d5 9e ee 01

// StartWrAddr 113
76 39 e9 05

// Descriptor 113
02 56 70 00 fb c0 f6 e3 19 06 86 4a f6 2d b6 b2
ea 75 70 2a a2 08 26 d0 ab 53 64 53 5d 7a 14 72
79 cb 74 23 16 1d cf 14 00 00 00 00

// Data In 113
4b 37 a0 e5 91 ce 46 c2 26 62 76 bb 5f 72 00 00 

// Data Out 113
f8 a5 d3 79 

// IsMasterMode 114
0

// IsLastPacket 114
1

// RxFIFOAlmostEmpty 114
7

// TxFIFOAlmostFull 114
8

// StartRdAddr 114
50 d7 56 02

// StartWrAddr 114
d3 3f af 04

// Descriptor 114
0c e2 58 00 a9 00 07 58 dc 0a 72 bd 11 d7 c2 47
67 07 77 ab 48 f0 66 3b a8 e0 e4 c4 9b 03 05 3b
67 8b 91 1b 45 20 08 8a 00 00 00 00

// Data In 114
51 b6 4d 28 73 7f 7a c1 74 e9 59 00 

// Data Out 114
aa 1e e2 2b 

// IsMasterMode 115
0

// IsLastPacket 115
1

// RxFIFOAlmostEmpty 115
7

// TxFIFOAlmostFull 115
8

// StartRdAddr 115
71 1d 00 01

// StartWrAddr 115
2e 31 0a 04

// Descriptor 115
12 c6 78 00 2d 33 5d d6 ae 40 cf d3 fc 13 ec d7
27 ea a8 fa e6 d1 c6 68 be 82 ea 63 72 e0 65 75
bb cb 74 5e 2b 3d 1c c1 00 00 00 00

// Data In 115
dd 55 d6 64 fe 4e ee a4 6a fe 3f 22 40 94 8d 00 

// Data Out 115
80 2a 9c 10 

// IsMasterMode 116
0

// IsLastPacket 116
1

// RxFIFOAlmostEmpty 116
7

// TxFIFOAlmostFull 116
8

// StartRdAddr 116
d1 d6 df 02

// StartWrAddr 116
5b 22 ca 04

// Descriptor 116
0c f2 48 00 ea 66 ab d0 50 ab 1a d6 8b ee 3f 7b
c6 54 6b 36 2e 53 60 25 27 b7 4b 71 39 2e 5d 4f
6d 94 e7 55 c7 bb a9 77 00 00 00 00

// Data In 116
d7 89 5a 99 57 2c 4b 2d 8d 00 00 00 

// Data Out 116
f3 2e 39 f1 

// IsMasterMode 117
0

// IsLastPacket 117
1

// RxFIFOAlmostEmpty 117
7

// TxFIFOAlmostFull 117
8

// StartRdAddr 117
48 9a 72 00

// StartWrAddr 117
8c 04 f0 04

// Descriptor 117
00 6e 48 00 55 37 e2 aa 51 cb 82 c4 84 02 26 93
84 4e dc dd a2 b4 c7 e2 b5 d1 fe 35 b3 e2 68 5d
8e 0d 0c c9 80 7f 97 4e 00 00 00 00

// Data In 117
5a 92 d4 34 bf a2 04 14 8e 00 00 00 

// Data Out 117
5a 92 d4 34 bf a2 04 14 8e 

// IsMasterMode 118
0

// IsLastPacket 118
1

// RxFIFOAlmostEmpty 118
7

// TxFIFOAlmostFull 118
8

// StartRdAddr 118
6b a9 f4 02

// StartWrAddr 118
41 88 98 05

// Descriptor 118
0c 06 48 00 a2 54 e0 20 65 0c ba a4 61 2b 44 29
f9 b7 60 70 bf 17 3b cf f3 81 fe 31 ad 38 26 cd
ab 08 e5 0f 10 06 29 bc 00 00 00 00

// Data In 118
38 ee 72 cd 84 bd 82 f3 a1 00 00 00 

// Data Out 118
15 df 7a b3 

// IsMasterMode 119
0

// IsLastPacket 119
1

// RxFIFOAlmostEmpty 119
7

// TxFIFOAlmostFull 119
8

// StartRdAddr 119
bc c8 4c 01

// StartWrAddr 119
f6 05 d1 05

// Descriptor 119
03 22 18 00 a6 02 56 bc 3f 1d f1 32 64 6d 45 ae
c5 5e 7e c6 f4 ae 4e 60 3e a5 94 d5 67 cc f3 43
87 8e 83 93 3d 90 0a d2 00 00 00 00

// Data In 119
28 e4 1f 00 

// Data Out 119
e3 00 4d 93 

// IsMasterMode 120
0

// IsLastPacket 120
1

// RxFIFOAlmostEmpty 120
7

// TxFIFOAlmostFull 120
8

// StartRdAddr 120
53 d2 c1 01

// StartWrAddr 120
89 ad 3c 05

// Descriptor 120
11 da 80 00 12 6b c8 25 a2 4d fb 85 79 5c 32 53
7b d3 8d b3 02 08 52 f3 7a 68 5b 92 4e 6a 8e 36
de 23 9f d4 50 b5 92 6e 00 00 00 00

// Data In 120
dd d1 90 65 77 ea 37 b4 7a a3 00 33 53 cd da 4b 

// Data Out 120
00 00 00 00 

// IsMasterMode 121
0

// IsLastPacket 121
1

// RxFIFOAlmostEmpty 121
7

// TxFIFOAlmostFull 121
8

// StartRdAddr 121
18 ea 85 00

// StartWrAddr 121
0a 68 f7 05

// Descriptor 121
13 a6 30 00 09 15 95 8f d1 52 8c d4 4d 0e de 12
9d 30 37 b7 18 c8 b6 3f b9 91 16 5e 29 4d 68 6e
df 4e c2 67 36 9c d5 81 00 00 00 00

// Data In 121
74 32 2f 97 0d 22 00 00 

// Data Out 121
dd 72 62 bb 

// IsMasterMode 122
0

// IsLastPacket 122
1

// RxFIFOAlmostEmpty 122
7

// TxFIFOAlmostFull 122
8

// StartRdAddr 122
a5 ea e3 00

// StartWrAddr 122
7a de 53 04

// Descriptor 122
00 de 30 00 cd 0a 49 a1 68 be 00 a4 71 6a cd 99
77 08 5e 2b cd d7 79 41 7e 19 8e 8f 75 a2 36 4f
e8 1d 33 7c 4f 0f 2c 6d 00 00 00 00

// Data In 122
ea 58 ce f2 68 17 00 00 

// Data Out 122
ea 58 ce f2 68 17 

// IsMasterMode 123
0

// IsLastPacket 123
1

// RxFIFOAlmostEmpty 123
7

// TxFIFOAlmostFull 123
8

// StartRdAddr 123
f7 01 38 01

// StartWrAddr 123
e5 df 79 05

// Descriptor 123
1c a2 58 00 f8 5c cc ab de 9d e2 e6 7f 35 b0 7f
0f be a4 72 ce 7e 71 3c 9a ac f1 f5 05 3e 0d 38
d3 59 ca 5a 52 e5 d6 cf 00 00 00 00

// Data In 123
0f b3 ad 57 18 7a 92 0e e9 66 71 00 

// Data Out 123
03 10 97 a9 

// IsMasterMode 124
0

// IsLastPacket 124
1

// RxFIFOAlmostEmpty 124
7

// TxFIFOAlmostFull 124
8

// StartRdAddr 124
f6 a3 52 01

// StartWrAddr 124
d2 5c 9d 05

// Descriptor 124
0b 92 18 00 dc cc d1 a3 b3 0b 3f c2 22 59 be 00
94 11 d0 e7 c9 b0 c7 c7 32 86 69 11 e0 9b db 49
39 bb 3d c9 fd 7f 47 c9 00 00 00 00

// Data In 124
42 c5 57 00 

// Data Out 124
26 aa 8a 33 

// IsMasterMode 125
0

// IsLastPacket 125
1

// RxFIFOAlmostEmpty 125
7

// TxFIFOAlmostFull 125
8

// StartRdAddr 125
ce 7b 37 02

// StartWrAddr 125
5a 3c b0 05

// Descriptor 125
01 9a 70 00 13 15 48 fc 27 90 de e0 11 e7 3b 68
96 c8 2a dc 8b 69 39 5e 90 5c e2 60 e8 2f b3 00
6b 6d fe 26 9d 65 19 c5 00 00 00 00

// Data In 125
5c cd 3f d3 bc 2c ba ce 66 9e 08 cc 21 30 00 00 

// Data Out 125
00 00 00 00 

// IsMasterMode 126
0

// IsLastPacket 126
1

// RxFIFOAlmostEmpty 126
7

// TxFIFOAlmostFull 126
8

// StartRdAddr 126
a0 34 28 02

// StartWrAddr 126
c7 16 b4 04

// Descriptor 126
10 d2 80 00 aa 6f f3 92 de b0 a9 3c 79 c9 dd a3
fc d4 5c e4 39 0a e7 6a 56 4e af 7d 23 4e b0 27
c9 aa 99 96 b6 e1 d7 e7 00 00 00 00

// Data In 126
71 94 a2 03 5c 7d 3e d9 e2 23 2f ab eb 12 86 de 

// Data Out 126
03 65 d4 79 8a e5 c1 76 14 f8 d7 5d 5b 5b 56 97 

// IsMasterMode 127
0

// IsLastPacket 127
1

// RxFIFOAlmostEmpty 127
7

// TxFIFOAlmostFull 127
8

// StartRdAddr 127
46 cb ac 00

// StartWrAddr 127
db 3e cc 04

// Descriptor 127
01 0a 20 00 94 58 90 f5 77 71 e0 ed 3b 16 cf 5e
9f b8 84 e7 6d 7e a8 7a 43 d6 86 f4 18 19 52 91
8e 19 52 46 09 63 3d b4 00 00 00 00

// Data In 127
de cc 03 f8 

// Data Out 127
00 00 00 00 

// IsMasterMode 128
0

// IsLastPacket 128
1

// RxFIFOAlmostEmpty 128
7

// TxFIFOAlmostFull 128
8

// StartRdAddr 128
d4 c8 9f 00

// StartWrAddr 128
35 28 39 05

// Descriptor 128
08 fa 08 00 3f a3 0c 01 d7 1a d6 09 0e c6 0b 9f
a7 be ff ba 29 af 32 3f 5d fa 8f c0 4d 90 54 32
97 23 e2 75 32 e3 29 8e 00 00 00 00

// Data In 128
b0 00 00 00 

// Data Out 128
b5 

// IsMasterMode 129
0

// IsLastPacket 129
1

// RxFIFOAlmostEmpty 129
7

// TxFIFOAlmostFull 129
8

// StartRdAddr 129
8f 63 35 01

// StartWrAddr 129
b0 d4 d6 04

// Descriptor 129
0c c2 80 00 81 cd 82 db ab 9d e2 0a be b4 41 e2
f6 39 a3 d9 70 62 d8 81 90 6e 50 05 6f c1 b7 b8
15 b0 cb 35 16 23 4f 69 00 00 00 00

// Data In 129
2e 45 f9 9d 5d 07 b4 55 ad 32 06 74 c1 5e e9 7a 

// Data Out 129
54 30 70 01 

// IsMasterMode 130
0

// IsLastPacket 130
1

// RxFIFOAlmostEmpty 130
7

// TxFIFOAlmostFull 130
8

// StartRdAddr 130
a2 b5 83 02

// StartWrAddr 130
b5 b1 41 05

// Descriptor 130
0c 82 28 00 f4 b4 8b ff b6 70 b7 f4 e4 6e 1b b9
f3 99 cb 81 83 45 bf 67 9c 07 4f 2a 24 00 69 9a
f9 01 bc e3 da 6a 16 bc 00 00 00 00

// Data In 130
5a ba 67 88 96 00 00 00 

// Data Out 130
00 11 e1 71 

// IsMasterMode 131
0

// IsLastPacket 131
1

// RxFIFOAlmostEmpty 131
7

// TxFIFOAlmostFull 131
8

// StartRdAddr 131
01 50 cf 01

// StartWrAddr 131
83 71 bb 04

// Descriptor 131
0c ba 58 00 1e de 10 51 de ac 33 5e 43 53 5f 67
d1 d5 43 00 2b 9c 28 67 29 68 e2 cb 5c 2f e2 58
f9 25 06 2c 68 1b b2 dd 00 00 00 00

// Data In 131
13 54 fe 50 5f a8 c6 fb 55 a2 17 00 

// Data Out 131
3d a8 f8 0e 

// IsMasterMode 132
0

// IsLastPacket 132
1

// RxFIFOAlmostEmpty 132
7

// TxFIFOAlmostFull 132
8

// StartRdAddr 132
d0 25 40 02

// StartWrAddr 132
5a 1c 61 04

// Descriptor 132
0b 8a 10 00 e5 cd a6 d3 30 7f 8d ce a2 84 dd e4
fd 8b d7 86 8d 80 52 0f a1 78 2f 08 78 ed 80 7d
bc d7 be ee 5c f9 56 c1 00 00 00 00

// Data In 132
ff 5f 00 00 

// Data Out 132
11 c0 8e c6 

// IsMasterMode 133
0

// IsLastPacket 133
1

// RxFIFOAlmostEmpty 133
7

// TxFIFOAlmostFull 133
8

// StartRdAddr 133
1e f8 6c 01

// StartWrAddr 133
27 27 c5 04

// Descriptor 133
14 62 48 00 1d ab e2 b6 e6 53 aa e3 e0 a2 d1 77
62 f8 11 e5 a6 17 e2 cf 4d ae 4b 33 87 db 92 5f
64 d7 f8 c3 8d 5f 5a 19 00 00 00 00

// Data In 133
97 ad b5 74 76 1e 7c c4 41 00 00 00 

// Data Out 133
f9 65 d4 43 

// IsMasterMode 134
0

// IsLastPacket 134
1

// RxFIFOAlmostEmpty 134
7

// TxFIFOAlmostFull 134
8

// StartRdAddr 134
54 ab 4b 02

// StartWrAddr 134
c4 8c 27 05

// Descriptor 134
1b c6 50 00 b5 c0 36 68 9a 51 65 d8 fd 37 f6 fd
46 8e 95 67 fa 8f b5 ff 93 f2 d8 09 de d9 c6 a9
c5 d3 ab 46 1c b1 37 c7 00 00 00 00

// Data In 134
9e ba d2 4f 40 f2 cf f6 99 19 00 00 

// Data Out 134
7a fb 19 62 

// IsMasterMode 135
0

// IsLastPacket 135
1

// RxFIFOAlmostEmpty 135
7

// TxFIFOAlmostFull 135
8

// StartRdAddr 135
70 29 74 01

// StartWrAddr 135
1a 8e c8 05

// Descriptor 135
19 16 10 00 33 a1 9a 4c d0 88 68 e7 56 88 e6 d3
10 39 03 32 f9 51 88 17 1f 95 44 5a b6 7d d5 0a
00 63 71 aa 22 97 1d c8 00 00 00 00

// Data In 135
34 22 00 00 

// Data Out 135
00 00 00 00 

// IsMasterMode 136
0

// IsLastPacket 136
1

// RxFIFOAlmostEmpty 136
7

// TxFIFOAlmostFull 136
8

// StartRdAddr 136
c8 90 5b 02

// StartWrAddr 136
67 69 9e 04

// Descriptor 136
1c d6 40 00 bb c2 bf 83 00 cb 51 2c 21 1c 00 46
4e 8d 42 cf 20 e6 02 10 82 75 00 cd 54 e7 15 d8
b0 6c 91 a1 af 13 75 01 00 00 00 00

// Data In 136
16 e8 b5 b8 89 28 ce 9b 

// Data Out 136
79 b4 fc 91 

// IsMasterMode 137
0

// IsLastPacket 137
1

// RxFIFOAlmostEmpty 137
7

// TxFIFOAlmostFull 137
8

// StartRdAddr 137
8e 4f 7c 02

// StartWrAddr 137
da 52 fc 05

// Descriptor 137
10 9a 68 00 ba c0 a3 27 25 5f 78 58 59 b6 c7 b2
fb 5a 10 c8 19 af a4 67 63 40 8a dd f8 48 30 57
bf 78 70 fd 07 2c 67 39 00 00 00 00

// Data In 137
04 82 92 44 ed da 98 4b a0 43 55 d8 f8 00 00 00 

// Data Out 137
5f 35 59 45 4b 00 6d 36 24 53 c0 52 00 

// IsMasterMode 138
0

// IsLastPacket 138
1

// RxFIFOAlmostEmpty 138
7

// TxFIFOAlmostFull 138
8

// StartRdAddr 138
be 07 8e 02

// StartWrAddr 138
82 b1 3a 04

// Descriptor 138
1b 26 70 00 a6 a8 18 4c 39 6b 86 e7 0d bf 94 f0
3e e1 23 11 5b 57 a4 19 14 1c d1 a5 db 9b c0 1e
23 71 41 2d 25 b8 38 27 00 00 00 00

// Data In 138
f4 c8 84 ae 00 bf 1e 68 b4 b8 fc fc 21 37 00 00 

// Data Out 138
56 48 99 29 

// IsMasterMode 139
0

// IsLastPacket 139
1

// RxFIFOAlmostEmpty 139
7

// TxFIFOAlmostFull 139
8

// StartRdAddr 139
5b f6 2a 01

// StartWrAddr 139
4c f8 2d 05

// Descriptor 139
18 de 48 00 17 28 a4 a3 b3 02 da e6 37 7d db aa
3b a4 66 7a 34 02 c9 3b 20 51 cd fb 20 8e 4a 86
b7 da e5 4e 20 5e 70 e5 00 00 00 00

// Data In 139
86 be cf 75 3b 3d 18 f6 3f 00 00 00 

// Data Out 139
e7 cc 95 14 51 59 80 ee 0b 

// IsMasterMode 140
0

// IsLastPacket 140
1

// RxFIFOAlmostEmpty 140
7

// TxFIFOAlmostFull 140
8

// StartRdAddr 140
bb 43 ee 01

// StartWrAddr 140
0d 5f 52 05

// Descriptor 140
02 52 58 00 f2 3e ad 1c 4b b4 9d 79 80 83 c1 cb
92 3b 1d 76 fa 85 13 47 1a 45 c3 c5 a7 0a 22 8d
45 ca b7 f7 b5 ae 5d 53 00 00 00 00

// Data In 140
d5 03 71 99 bf 5a 48 86 bd 94 25 00 

// Data Out 140
ca 67 a2 3f 

// IsMasterMode 141
0

// IsLastPacket 141
1

// RxFIFOAlmostEmpty 141
7

// TxFIFOAlmostFull 141
8

// StartRdAddr 141
5f 09 3e 01

// StartWrAddr 141
1f 61 ae 04

// Descriptor 141
11 d6 50 00 2e fe 68 9e b0 fc 5c 4c ab 22 22 73
34 3b f8 c2 8e 18 23 8c 7b 00 84 11 1b 35 73 0d
5a d9 89 9f 38 cc e7 74 00 00 00 00

// Data In 141
35 e4 be a4 9c cd de f2 15 d8 00 00 

// Data Out 141
00 00 00 00 

// IsMasterMode 142
0

// IsLastPacket 142
1

// RxFIFOAlmostEmpty 142
7

// TxFIFOAlmostFull 142
8

// StartRdAddr 142
83 8b 0a 01

// StartWrAddr 142
68 2f f9 04

// Descriptor 142
12 0e 20 00 76 02 0d b8 ef dc 0a 66 65 de 5d 41
a4 90 08 a1 f2 7f 54 b1 69 03 75 a8 e5 d1 80 81
7e 97 37 dc ae 8c 67 9c 00 00 00 00

// Data In 142
62 72 df 25 

// Data Out 142
1c 2a 46 9f 

// IsMasterMode 143
0

// IsLastPacket 143
1

// RxFIFOAlmostEmpty 143
7

// TxFIFOAlmostFull 143
8

// StartRdAddr 143
a1 36 44 01

// StartWrAddr 143
62 97 0a 04

// Descriptor 143
1a 6a 60 00 c2 12 3b 49 3b 14 12 62 e9 1c a6 92
a0 5e 32 2b b2 dc 82 6a 47 59 73 0e 4a db 63 31
17 c7 19 a0 45 34 93 7f 00 00 00 00

// Data In 143
e9 ec 28 7b aa 47 36 24 4e be 2d c9 

// Data Out 143
0e 03 d1 dc 

// IsMasterMode 144
0

// IsLastPacket 144
1

// RxFIFOAlmostEmpty 144
7

// TxFIFOAlmostFull 144
8

// StartRdAddr 144
fb 10 3d 01

// StartWrAddr 144
c2 df 9a 05

// Descriptor 144
0b 3e 60 00 9b 6a 08 72 bb a4 7d 83 78 f2 95 50
b7 c4 59 8e 7b 49 f8 61 b9 6c bd 9b 99 19 eb ad
d2 9d a7 bd 65 e4 e1 e0 00 00 00 00

// Data In 144
8c 27 cd e7 bf 41 59 39 ef 37 d4 7f 

// Data Out 144
85 b0 98 e7 

// IsMasterMode 145
0

// IsLastPacket 145
1

// RxFIFOAlmostEmpty 145
7

// TxFIFOAlmostFull 145
8

// StartRdAddr 145
98 ee 3f 02

// StartWrAddr 145
bf f6 ae 04

// Descriptor 145
01 3a 58 00 93 11 6e 96 4a 36 3d 79 3a 5c 93 f6
80 00 07 63 c1 8d f3 5b b7 74 fe 2c de b9 1c fd
14 96 17 4e 5a 4c 87 26 00 00 00 00

// Data In 145
44 0e 46 4b 69 2c f4 32 52 3e d2 00 

// Data Out 145
00 00 00 00 

// IsMasterMode 146
0

// IsLastPacket 146
1

// RxFIFOAlmostEmpty 146
7

// TxFIFOAlmostFull 146
8

// StartRdAddr 146
96 1e b3 01

// StartWrAddr 146
5c 7b 05 05

// Descriptor 146
1a 76 58 00 2d 23 bf 9d a9 e7 5b 9f c7 1b 00 db
8c 18 7c db a4 a4 a1 19 ec a4 7c 64 23 0d cd be
90 55 8c fa c3 34 d2 06 00 00 00 00

// Data In 146
22 ca ab 62 cb a4 b7 31 86 f6 62 00 

// Data Out 146
d0 bc 63 f3 

// IsMasterMode 147
0

// IsLastPacket 147
1

// RxFIFOAlmostEmpty 147
7

// TxFIFOAlmostFull 147
8

// StartRdAddr 147
ec 77 6b 02

// StartWrAddr 147
dc 63 01 05

// Descriptor 147
11 9e 58 00 67 21 f1 70 fd 7f db bc 10 de 4f df
f0 b6 1d cf c6 34 53 a2 0a 37 8c d7 51 1b c4 77
d7 e8 1b 19 38 84 14 b1 00 00 00 00

// Data In 147
68 41 8d 45 c6 aa 96 f9 d0 7a ba 00 

// Data Out 147
00 00 00 00 

// IsMasterMode 148
0

// IsLastPacket 148
1

// RxFIFOAlmostEmpty 148
7

// TxFIFOAlmostFull 148
8

// StartRdAddr 148
9c 84 4b 02

// StartWrAddr 148
8b dd a3 04

// Descriptor 148
1a 0a 68 00 30 da fa 87 a6 41 79 85 bc e7 31 30
a7 7f 33 ee 7e 06 42 e5 78 4c 51 d6 0e 34 47 d4
15 ea 3e 0b e2 18 8e 79 00 00 00 00

// Data In 148
e0 a4 c4 32 c5 cf 9d d3 b6 4d 25 78 a9 00 00 00 

// Data Out 148
6b 1b 8f 2d 

// IsMasterMode 149
0

// IsLastPacket 149
1

// RxFIFOAlmostEmpty 149
7

// TxFIFOAlmostFull 149
8

// StartRdAddr 149
df d0 dd 02

// StartWrAddr 149
92 10 00 04

// Descriptor 149
09 46 38 00 21 63 0b cc 2f 5a 34 0e 0c 33 1e 64
6a 8b 2b 68 ef 8f f0 3a 12 29 dc 77 f6 57 9d db
58 e0 80 7f 72 b9 bf 31 00 00 00 00

// Data In 149
21 31 44 0f 60 5d 1b 00 

// Data Out 149
00 00 00 00 

// IsMasterMode 150
0

// IsLastPacket 150
1

// RxFIFOAlmostEmpty 150
7

// TxFIFOAlmostFull 150
8

// StartRdAddr 150
63 f3 4b 00

// StartWrAddr 150
d3 9c a0 04

// Descriptor 150
1b 2a 58 00 8a 4b 4f 69 21 21 95 79 af 50 19 50
85 d0 fc b2 9a d0 29 fb c6 be ee 14 8d 76 33 e1
60 51 a2 84 54 0c d7 85 00 00 00 00

// Data In 150
e9 7b 6a 48 0d 4a 76 fe b4 b1 80 00 

// Data Out 150
e5 00 54 ad 

// IsMasterMode 151
0

// IsLastPacket 151
1

// RxFIFOAlmostEmpty 151
7

// TxFIFOAlmostFull 151
8

// StartRdAddr 151
81 03 9a 02

// StartWrAddr 151
17 cf bf 04

// Descriptor 151
04 be 78 00 d1 38 80 95 82 fd 41 90 52 79 9f cb
92 40 d4 1a 21 de 4c 07 38 8c a5 05 bf f1 55 fa
e0 9a 78 f1 f0 f0 d2 16 00 00 00 00

// Data In 151
6a 8c 66 58 5f 28 58 85 41 ac 21 22 04 3c 82 00 

// Data Out 151
12 c5 0d 1b 

// IsMasterMode 152
0

// IsLastPacket 152
1

// RxFIFOAlmostEmpty 152
7

// TxFIFOAlmostFull 152
8

// StartRdAddr 152
5f 82 1f 01

// StartWrAddr 152
19 4b 7b 05

// Descriptor 152
09 e6 70 00 b5 b9 7d 93 be aa 18 49 9c 74 0d 1b
76 38 3f 20 0d 07 93 86 71 e5 0d 1e fb ba 01 37
66 d0 a0 06 66 c0 ed 44 00 00 00 00

// Data In 152
52 c6 75 a5 30 fd 5b 68 6c 27 41 4a 9a 33 00 00 

// Data Out 152
00 00 00 00 

// IsMasterMode 153
0

// IsLastPacket 153
1

// RxFIFOAlmostEmpty 153
7

// TxFIFOAlmostFull 153
8

// StartRdAddr 153
c3 b2 2a 01

// StartWrAddr 153
50 16 d1 04

// Descriptor 153
1b ca 30 00 a5 e5 e8 b7 d4 23 43 c5 68 07 47 8c
93 9d 96 b2 e0 16 5f 59 1f 49 0b dd ef 5a 25 68
f1 b7 9b 70 b9 cf b1 28 00 00 00 00

// Data In 153
06 ad 86 04 25 51 00 00 

// Data Out 153
9a 40 a1 d4 

// IsMasterMode 154
0

// IsLastPacket 154
1

// RxFIFOAlmostEmpty 154
7

// TxFIFOAlmostFull 154
8

// StartRdAddr 154
32 15 b3 00

// StartWrAddr 154
c1 4e 38 05

// Descriptor 154
1c e6 58 00 13 83 6a c6 ac fc 83 fd ea 40 10 0e
55 6e be 43 51 45 b5 ec e7 8b eb c5 d0 0b 35 46
32 15 63 f1 4d ff f7 63 00 00 00 00

// Data In 154
d8 c2 6e c5 f6 eb 6d 48 4d a3 da 00 

// Data Out 154
e7 00 92 2e 

// IsMasterMode 155
0

// IsLastPacket 155
1

// RxFIFOAlmostEmpty 155
7

// TxFIFOAlmostFull 155
8

// StartRdAddr 155
f6 6c 56 01

// StartWrAddr 155
6b bf 86 04

// Descriptor 155
1b be 50 00 6a e0 bf 8b 80 a0 01 2f c3 ff dc a2
70 91 40 2a b3 1f ef fa 9c 8e 82 f3 c8 39 da 44
e6 b4 75 c7 6e fe b6 d6 00 00 00 00

// Data In 155
df 71 09 63 fb b3 e2 f2 7e d1 00 00 

// Data Out 155
87 49 2a 10 

// IsMasterMode 156
0

// IsLastPacket 156
1

// RxFIFOAlmostEmpty 156
7

// TxFIFOAlmostFull 156
8

// StartRdAddr 156
65 6f b8 01

// StartWrAddr 156
17 2e ac 04

// Descriptor 156
03 7a 80 00 49 84 e3 58 37 c6 12 38 66 90 fd 8b
55 6e 6d 83 ba d0 e8 38 56 ee d9 11 5b b0 2b aa
38 aa 60 0c 8c 0e 0e ab 00 00 00 00

// Data In 156
cc ed 14 93 8e 0e c6 b9 a8 46 9e 57 e3 16 6e b0 

// Data Out 156
fc 55 70 e6 

// IsMasterMode 157
0

// IsLastPacket 157
1

// RxFIFOAlmostEmpty 157
7

// TxFIFOAlmostFull 157
8

// StartRdAddr 157
9d 7f d9 01

// StartWrAddr 157
77 20 b5 04

// Descriptor 157
10 26 38 00 bd 07 f7 79 7b 8b bc e7 9f 45 88 d3
66 d3 c2 a0 b9 8e f3 b6 6c 1c b5 37 22 00 4c ef
78 bc 37 e1 1d bb b9 cb 00 00 00 00

// Data In 157
9c 2e 1a c4 06 56 6c 00 

// Data Out 157
b7 d5 30 00 32 9b 83 

// IsMasterMode 158
0

// IsLastPacket 158
1

// RxFIFOAlmostEmpty 158
7

// TxFIFOAlmostFull 158
8

// StartRdAddr 158
0b 5f 36 01

// StartWrAddr 158
5e 29 65 04

// Descriptor 158
03 1e 30 00 cd f9 4c ac 51 89 fe a9 b8 cc 50 ae
c7 99 38 b1 7f d1 89 e9 e0 2e 1f 7d 0f 53 78 8b
27 1b 1e a4 92 88 4f 5b 00 00 00 00

// Data In 158
dc dc 63 96 34 39 00 00 

// Data Out 158
71 ae d8 06 

// IsMasterMode 159
0

// IsLastPacket 159
1

// RxFIFOAlmostEmpty 159
7

// TxFIFOAlmostFull 159
8

// StartRdAddr 159
39 99 1e 00

// StartWrAddr 159
a2 7c e6 05

// Descriptor 159
09 f6 28 00 1b 66 08 f3 fe 4b f6 6c 45 93 e2 28
84 7f 1c a2 f7 e2 d7 a3 ab 6a 9a 94 f9 56 22 1b
c8 ee b8 03 67 00 b7 dc 00 00 00 00

// Data In 159
61 f0 d6 5a 37 00 00 00 

// Data Out 159
00 00 00 00 

// IsMasterMode 160
0

// IsLastPacket 160
1

// RxFIFOAlmostEmpty 160
7

// TxFIFOAlmostFull 160
8

// StartRdAddr 160
d3 43 06 02

// StartWrAddr 160
4a 05 2d 04

// Descriptor 160
10 12 58 00 ee 4d 39 59 11 64 3a f5 52 10 dc b6
17 cd 16 39 d5 15 7f 01 c6 08 38 87 c0 4b 82 23
58 26 8e d0 98 bd 09 17 00 00 00 00

// Data In 160
39 4e 2d 9c d4 22 db e6 05 9c ba 00 

// Data Out 160
f3 3c c2 2c d9 73 91 33 b0 af a7 

// IsMasterMode 161
0

// IsLastPacket 161
1

// RxFIFOAlmostEmpty 161
7

// TxFIFOAlmostFull 161
8

// StartRdAddr 161
72 bd 89 01

// StartWrAddr 161
a8 6b ff 04

// Descriptor 161
13 36 28 00 76 78 20 f6 3c 46 9a 19 36 98 ab 38
d4 45 e9 1d 0b 31 1f 7c c5 c9 34 f2 80 ec 8c bf
b3 bb 9e a0 22 a5 4f b2 00 00 00 00

// Data In 161
92 9e f4 7e e8 00 00 00 

// Data Out 161
1f d2 a7 a8 

// IsMasterMode 162
0

// IsLastPacket 162
1

// RxFIFOAlmostEmpty 162
7

// TxFIFOAlmostFull 162
8

// StartRdAddr 162
13 84 a2 02

// StartWrAddr 162
8d ad 60 05

// Descriptor 162
1a 9e 08 00 f6 c6 56 90 eb ca 3d 7f c6 51 8d ab
99 f7 0a 28 4b 60 2a 58 56 f9 bc 79 50 75 64 1c
02 cc 16 78 e9 e0 be 73 00 00 00 00

// Data In 162
f9 00 00 00 

// Data Out 162
d7 02 6e e4 

// IsMasterMode 163
0

// IsLastPacket 163
1

// RxFIFOAlmostEmpty 163
7

// TxFIFOAlmostFull 163
8

// StartRdAddr 163
f3 a7 9e 02

// StartWrAddr 163
5a a6 51 04

// Descriptor 163
11 16 70 00 30 22 87 63 c4 1d 4c c1 78 a6 a9 7a
82 61 e7 60 88 d3 2c bc 39 c5 ae 14 7c 7d f2 3d
7c 88 2d 05 f1 6a 32 e8 00 00 00 00

// Data In 163
98 34 59 bd 8b 50 30 5a 5f 6c c6 ff 62 cd 00 00 

// Data Out 163
00 00 00 00 

// IsMasterMode 164
0

// IsLastPacket 164
1

// RxFIFOAlmostEmpty 164
7

// TxFIFOAlmostFull 164
8

// StartRdAddr 164
c1 c3 cc 02

// StartWrAddr 164
85 81 58 05

// Descriptor 164
11 fa 28 00 32 e8 7d 4f a1 3b c3 aa 7f 00 2b 88
9f 33 dd 7e a9 8d b1 94 35 e4 aa 96 f5 00 be 82
a0 f5 e0 1e 6e b3 b0 0b 00 00 00 00

// Data In 164
ad f9 92 6b 8a 00 00 00 

// Data Out 164
00 00 00 00 

// IsMasterMode 165
0

// IsLastPacket 165
1

// RxFIFOAlmostEmpty 165
7

// TxFIFOAlmostFull 165
8

// StartRdAddr 165
a2 f1 ab 00

// StartWrAddr 165
3f fb c2 04

// Descriptor 165
19 96 58 00 29 74 06 28 8b 8c d5 39 5b 3e a2 3d
9f c4 a7 5e 7a df a0 7e 57 e0 26 0c 0c d1 3a 2a
d9 39 76 c2 b2 61 b8 9e 00 00 00 00

// Data In 165
a7 e7 bb 36 4b e2 b2 36 54 69 fc 00 

// Data Out 165
00 00 00 00 

// IsMasterMode 166
0

// IsLastPacket 166
1

// RxFIFOAlmostEmpty 166
7

// TxFIFOAlmostFull 166
8

// StartRdAddr 166
7f 13 e2 01

// StartWrAddr 166
f5 1c 4a 05

// Descriptor 166
12 a6 80 00 be 85 56 7b 5a 84 21 eb ad 11 e6 7e
bf c7 23 62 fc ff 34 49 e5 64 3b 70 29 18 78 5f
7e e5 bc 8c cb dd ea 2c 00 00 00 00

// Data In 166
a2 83 44 53 b8 2c 7c 6f ec 1f c7 66 c7 23 f5 b8 

// Data Out 166
bf 44 10 fb 

// IsMasterMode 167
0

// IsLastPacket 167
1

// RxFIFOAlmostEmpty 167
7

// TxFIFOAlmostFull 167
8

// StartRdAddr 167
bc fc b9 00

// StartWrAddr 167
cb a7 b9 04

// Descriptor 167
11 02 78 00 dc 83 20 7b 7e 1d 61 f8 02 a2 6e ce
ce 0d 0a 3d e0 2a f7 e7 55 34 49 c7 91 29 a0 6b
fa 80 cb 2c 92 c6 ce 64 00 00 00 00

// Data In 167
3f b4 7c d7 80 d4 a3 8f 23 c7 b4 40 70 5f 2c 00 

// Data Out 167
00 00 00 00 

// IsMasterMode 168
0

// IsLastPacket 168
1

// RxFIFOAlmostEmpty 168
7

// TxFIFOAlmostFull 168
8

// StartRdAddr 168
8e 5d b7 00

// StartWrAddr 168
d8 aa 01 05

// Descriptor 168
08 b6 40 00 9e 63 67 66 29 59 23 27 cc 04 74 63
fd 51 bd 0e 26 8f 5e b4 08 8a d1 4e 72 05 58 f8
4d 47 47 ab c4 7a 29 bc 00 00 00 00

// Data In 168
f8 ae cb 11 65 2f 90 06 

// Data Out 168
f1 8f af f6 00 35 6a 6f 

// IsMasterMode 169
0

// IsLastPacket 169
1

// RxFIFOAlmostEmpty 169
7

// TxFIFOAlmostFull 169
8

// StartRdAddr 169
eb f8 63 00

// StartWrAddr 169
ed 3c 4f 05

// Descriptor 169
19 fa 80 00 1a 58 31 b2 98 a0 f1 dd 21 31 5b cf
31 a2 69 9a 62 dc 83 3c e6 c1 98 e2 d0 ca 19 30
61 17 43 94 71 0f 8a aa 00 00 00 00

// Data In 169
32 16 5f 4d c2 b5 10 e1 61 94 54 f3 42 a8 e4 be 

// Data Out 169
00 00 00 00 

// IsMasterMode 170
0

// IsLastPacket 170
1

// RxFIFOAlmostEmpty 170
7

// TxFIFOAlmostFull 170
8

// StartRdAddr 170
31 4d 04 01

// StartWrAddr 170
96 88 be 05

// Descriptor 170
14 e6 70 00 79 e0 33 46 4e 4e 60 f4 35 07 62 f4
66 d9 07 a0 b1 6d 0f 1a f6 05 94 0e 47 91 b7 1d
1e 71 1f b2 37 7f d3 d0 00 00 00 00

// Data In 170
b1 b7 64 af f4 8e d0 58 b0 c6 b4 c7 4a 18 00 00 

// Data Out 170
5d 92 38 3f 

// IsMasterMode 171
0

// IsLastPacket 171
1

// RxFIFOAlmostEmpty 171
7

// TxFIFOAlmostFull 171
8

// StartRdAddr 171
1f 59 f5 00

// StartWrAddr 171
62 96 0f 04

// Descriptor 171
1c fa 40 00 77 17 7c 28 7e c7 f4 a3 22 18 55 1c
fe d6 60 56 90 8e e7 73 73 56 fb 48 ff 19 49 fa
7f 00 56 0a 17 e7 60 3d 00 00 00 00

// Data In 171
13 d4 87 9b 11 ed d9 90 

// Data Out 171
6b ee bb eb 

// IsMasterMode 172
0

// IsLastPacket 172
1

// RxFIFOAlmostEmpty 172
7

// TxFIFOAlmostFull 172
8

// StartRdAddr 172
bc b2 5f 01

// StartWrAddr 172
a6 11 ee 05

// Descriptor 172
08 86 40 00 0b e3 d5 47 53 ad 15 c2 7d 3b 8d 2e
bb a9 e5 d2 24 29 d7 5a 3f 78 ad 42 4e 30 25 31
33 29 b6 14 93 5c 43 2a 00 00 00 00

// Data In 172
f7 cb 9b 66 54 f5 26 f2 

// Data Out 172
84 d1 ed 07 c4 19 8b 85 

// IsMasterMode 173
0

// IsLastPacket 173
1

// RxFIFOAlmostEmpty 173
7

// TxFIFOAlmostFull 173
8

// StartRdAddr 173
e5 4b 2a 01

// StartWrAddr 173
ae 4d ea 05

// Descriptor 173
0b 36 28 00 7e c7 6f c1 9a 8e 8c 2f 2e 31 15 67
84 94 4d bd 53 71 ca c7 d6 88 b0 77 b5 25 a5 6c
cc 05 e7 a4 b5 7c 5e c0 00 00 00 00

// Data In 173
1e 2b a8 54 e0 00 00 00 

// Data Out 173
e9 79 47 22 

// IsMasterMode 174
0

// IsLastPacket 174
1

// RxFIFOAlmostEmpty 174
7

// TxFIFOAlmostFull 174
8

// StartRdAddr 174
39 fb 35 01

// StartWrAddr 174
ef 18 86 04

// Descriptor 174
1a 4e 38 00 c3 c6 48 74 0e 6c b4 60 ec db fa 8c
53 a1 14 2e f6 4b c7 31 0f f0 23 a8 9c 6e 3b 3b
5c ec 1c 9b 3b 01 84 08 00 00 00 00

// Data In 174
6a 6a 9c c7 77 76 f6 00 

// Data Out 174
5e f0 e8 2d 

// IsMasterMode 175
0

// IsLastPacket 175
1

// RxFIFOAlmostEmpty 175
7

// TxFIFOAlmostFull 175
8

// StartRdAddr 175
6e bb 81 02

// StartWrAddr 175
42 90 1e 04

// Descriptor 175
19 f2 40 00 69 a7 c4 ba b8 7e f7 ce be 38 70 5b
6c 2e 15 37 19 8c 4d 59 fc 19 f1 02 ba e8 22 db
09 9b e3 f9 ae 7f d3 de 00 00 00 00

// Data In 175
f0 1f f1 fc 76 12 a9 ff 

// Data Out 175
00 00 00 00 

// IsMasterMode 176
0

// IsLastPacket 176
1

// RxFIFOAlmostEmpty 176
7

// TxFIFOAlmostFull 176
8

// StartRdAddr 176
73 d0 12 02

// StartWrAddr 176
9c 46 e8 04

// Descriptor 176
03 7a 50 00 0a 23 69 f2 56 91 97 75 a7 cb 6f 8a
78 34 44 fb 8f f9 d4 8f 50 af aa e3 db a2 05 a0
30 05 6d dd ad 20 49 a7 00 00 00 00

// Data In 176
95 c5 90 05 f9 15 f7 28 ed 1a 00 00 

// Data Out 176
21 ba 7a 7b 

// IsMasterMode 177
0

// IsLastPacket 177
1

// RxFIFOAlmostEmpty 177
7

// TxFIFOAlmostFull 177
8

// StartRdAddr 177
46 ae 53 02

// StartWrAddr 177
d9 98 42 05

// Descriptor 177
19 46 38 00 01 43 32 07 be bf 13 3c 26 37 61 ec
9b ed 35 71 a4 9f 3f 88 d2 f2 f9 4f 17 79 09 cc
b7 eb 85 41 25 89 a0 b0 00 00 00 00

// Data In 177
78 80 42 e1 4a 0b 47 00 

// Data Out 177
00 00 00 00 

// IsMasterMode 178
0

// IsLastPacket 178
1

// RxFIFOAlmostEmpty 178
7

// TxFIFOAlmostFull 178
8

// StartRdAddr 178
68 33 85 02

// StartWrAddr 178
3a 14 d1 05

// Descriptor 178
09 aa 28 00 cd 4c 83 d4 e6 2a 2f d5 61 02 5c 3f
55 54 b4 ac 2d 3c cf 4a b5 ed d6 c9 11 a3 fd a9
12 b8 c2 77 d6 44 0d 41 00 00 00 00

// Data In 178
49 dc 43 86 67 00 00 00 

// Data Out 178
00 00 00 00 

// IsMasterMode 179
0

// IsLastPacket 179
1

// RxFIFOAlmostEmpty 179
7

// TxFIFOAlmostFull 179
8

// StartRdAddr 179
9d 19 25 00

// StartWrAddr 179
b2 a5 46 04

// Descriptor 179
10 c6 58 00 a9 b4 d2 4f 77 9e 48 8c 53 95 2a c5
e9 96 8c a2 e6 63 e8 e4 06 26 97 c6 e2 33 de d8
9f 6a d4 1c 43 57 9a 01 00 00 00 00

// Data In 179
d6 b5 72 6b 66 76 69 57 b9 01 23 00 

// Data Out 179
71 3f a7 1b ae e6 0c c3 23 ca 9c 

// IsMasterMode 180
0

// IsLastPacket 180
1

// RxFIFOAlmostEmpty 180
7

// TxFIFOAlmostFull 180
8

// StartRdAddr 180
69 40 23 00

// StartWrAddr 180
db 62 8d 04

// Descriptor 180
0a fe 38 00 c6 46 c2 b3 59 b3 85 d6 c4 53 4f 4a
aa 29 11 cf 3d 6f 8d 6b e9 d9 3a 60 4c e8 fe 6b
08 6f 15 96 01 0b 3a 0d 00 00 00 00

// Data In 180
a1 4a 8f bc 97 a2 63 00 

// Data Out 180
c0 2a 9b 0e 

// IsMasterMode 181
0

// IsLastPacket 181
1

// RxFIFOAlmostEmpty 181
7

// TxFIFOAlmostFull 181
8

// StartRdAddr 181
b0 b3 6f 00

// StartWrAddr 181
5f e2 b4 04

// Descriptor 181
00 e6 50 00 d5 f8 e3 37 cb cf 65 fe ed 2c 43 c4
a1 33 4e 7f e9 57 d2 2a 03 be 6e 42 8b 32 cf 55
2b 88 20 ad 76 d6 ed 2a 00 00 00 00

// Data In 181
df e7 d5 39 34 c7 42 f0 d4 c1 00 00 

// Data Out 181
df e7 d5 39 34 c7 42 f0 d4 c1 

// IsMasterMode 182
0

// IsLastPacket 182
1

// RxFIFOAlmostEmpty 182
7

// TxFIFOAlmostFull 182
8

// StartRdAddr 182
b3 69 d4 02

// StartWrAddr 182
9e 23 14 04

// Descriptor 182
08 62 28 00 b5 b3 7d 73 3e 15 f7 c3 c6 f7 75 09
50 82 34 7d 60 08 3f e8 22 9e bc 0b 9a 15 48 23
17 66 85 7d 53 57 38 47 00 00 00 00

// Data In 182
00 5a dd ce fe 00 00 00 

// Data Out 182
3b 5d aa a6 61 

// IsMasterMode 183
0

// IsLastPacket 183
1

// RxFIFOAlmostEmpty 183
7

// TxFIFOAlmostFull 183
8

// StartRdAddr 183
87 4e bb 02

// StartWrAddr 183
1d 11 89 05

// Descriptor 183
11 82 58 00 70 6d 71 eb 1c 8a 9f 5b 16 f2 43 0e
a6 cc d3 33 be bd 46 dc 6d fe d2 f2 75 c2 3a a7
49 d1 60 6a 38 a2 75 5d 00 00 00 00

// Data In 183
9b 9a 7e 1d 99 2f 79 48 fa 1b 4b 00 

// Data Out 183
00 00 00 00 

// IsMasterMode 184
0

// IsLastPacket 184
1

// RxFIFOAlmostEmpty 184
7

// TxFIFOAlmostFull 184
8

// StartRdAddr 184
cf d5 01 01

// StartWrAddr 184
aa 58 df 05

// Descriptor 184
0b 8a 78 00 6d 48 8b 63 d8 87 f1 55 d4 1d ef 70
5b 4d b2 f2 39 a8 f8 7e 4f c5 c3 b0 2c d5 e9 02
4c a2 98 32 43 e3 80 11 00 00 00 00

// Data In 184
84 34 aa 62 d7 56 62 84 96 29 3a a0 e3 a1 41 00 

// Data Out 184
9e 61 9b 61 

// IsMasterMode 185
0

// IsLastPacket 185
1

// RxFIFOAlmostEmpty 185
7

// TxFIFOAlmostFull 185
8

// StartRdAddr 185
87 47 cb 02

// StartWrAddr 185
1e af ff 05

// Descriptor 185
12 4e 10 00 0c d2 a8 46 1c d5 c3 40 db 05 d1 52
68 25 30 c9 ed ff 57 da cb 8a e5 af 49 0e 0c 1d
8b 29 f1 d4 fc f6 21 bb 00 00 00 00

// Data In 185
cd a3 00 00 

// Data Out 185
95 f6 38 95 

// IsMasterMode 186
0

// IsLastPacket 186
1

// RxFIFOAlmostEmpty 186
7

// TxFIFOAlmostFull 186
8

// StartRdAddr 186
38 ff bc 00

// StartWrAddr 186
cb 4a 6e 04

// Descriptor 186
18 66 08 00 35 37 98 e7 fa 46 85 35 cd 8f e4 79
44 08 ce bf 9a 72 59 0d 29 a8 dc 1a f2 f1 b5 4f
2f ab 4a 52 42 06 cf 46 00 00 00 00

// Data In 186
1b 00 00 00 

// Data Out 186
1c 

// IsMasterMode 187
0

// IsLastPacket 187
1

// RxFIFOAlmostEmpty 187
7

// TxFIFOAlmostFull 187
8

// StartRdAddr 187
6c 61 d2 00

// StartWrAddr 187
53 5f 9e 04

// Descriptor 187
19 46 58 00 5a f1 f2 03 6b 51 09 27 6c e0 e6 fd
75 8d c3 c3 7f e5 6e fe 86 bc 98 d9 de 36 b8 de
da 37 88 ad ce e9 8b 92 00 00 00 00

// Data In 187
7d e1 51 13 78 1b 8d de 28 8f 72 00 

// Data Out 187
00 00 00 00 

// IsMasterMode 188
0

// IsLastPacket 188
1

// RxFIFOAlmostEmpty 188
7

// TxFIFOAlmostFull 188
8

// StartRdAddr 188
41 f0 df 01

// StartWrAddr 188
ee b3 9b 05

// Descriptor 188
01 e2 78 00 a2 ea e5 d5 39 1d 1f 5b 1a cf eb 42
7d 6c 87 fc bf ba fb 12 51 4e d6 e7 ba 47 36 30
01 06 3e 0a c9 71 b2 22 00 00 00 00

// Data In 188
16 9e 77 b9 1d 86 f8 ec 41 4d 76 93 b7 68 08 00 

// Data Out 188
00 00 00 00 

// IsMasterMode 189
0

// IsLastPacket 189
1

// RxFIFOAlmostEmpty 189
7

// TxFIFOAlmostFull 189
8

// StartRdAddr 189
4f 9d 17 01

// StartWrAddr 189
a8 b1 dd 04

// Descriptor 189
03 fe 50 00 6a dc 98 cb 55 2c 99 b9 f7 d9 d2 ac
de 61 ea 0d 4e 91 05 1a b2 4a 2d 8c d9 c3 32 c3
e0 c7 7f ee 9f b5 27 f5 00 00 00 00

// Data In 189
1d 72 82 d9 0c be b4 16 74 c0 00 00 

// Data Out 189
8f f1 3f 54 

// IsMasterMode 190
0

// IsLastPacket 190
1

// RxFIFOAlmostEmpty 190
7

// TxFIFOAlmostFull 190
8

// StartRdAddr 190
bb 78 c5 01

// StartWrAddr 190
0e a5 19 04

// Descriptor 190
0c d6 48 00 d0 56 fd 4b 20 9d 44 f7 1c ef ef fe
16 44 b2 46 17 13 d1 56 8d 5c bd 24 ca 8f 57 4a
25 12 6c c8 87 d2 0e 94 00 00 00 00

// Data In 190
09 78 50 cb 2a 67 61 d1 1f 00 00 00 

// Data Out 190
aa 98 da 7e 

// IsMasterMode 191
0

// IsLastPacket 191
1

// RxFIFOAlmostEmpty 191
7

// TxFIFOAlmostFull 191
8

// StartRdAddr 191
d4 ba bc 00

// StartWrAddr 191
d5 a0 3d 05

// Descriptor 191
03 02 80 00 34 b8 80 88 7e d0 31 43 76 fc 94 dd
e0 39 f3 8b 33 ae 65 84 d3 53 96 18 eb 9f e3 cb
cc d2 96 7a 78 34 12 6b 00 00 00 00

// Data In 191
c4 ba 0c be ba a4 dd 14 92 55 25 81 cf 3a 7d 15 

// Data Out 191
6c 93 7c cc 

// IsMasterMode 192
0

// IsLastPacket 192
1

// RxFIFOAlmostEmpty 192
7

// TxFIFOAlmostFull 192
8

// StartRdAddr 192
9a d1 69 02

// StartWrAddr 192
96 b6 07 04

// Descriptor 192
02 ee 58 00 6c 0b 0c 38 83 27 ae 90 b3 23 96 77
a0 13 dd 77 af 8a 27 c8 d5 00 2e fb 72 30 b1 a5
3d 5a e8 88 9e 8f cc f5 00 00 00 00

// Data In 192
1b d3 45 0f 34 70 3c 5f 59 0f 71 00 

// Data Out 192
da 48 06 1b 

// IsMasterMode 193
0

// IsLastPacket 193
1

// RxFIFOAlmostEmpty 193
7

// TxFIFOAlmostFull 193
8

// StartRdAddr 193
cf 99 b2 02

// StartWrAddr 193
22 0f 34 04

// Descriptor 193
03 be 78 00 ab f0 b0 59 ae ee 54 8c f6 5d 88 fa
ab 57 43 d6 86 9e b8 6a 42 d0 39 d4 9a 21 21 b8
5a 36 e6 02 0e 7b 82 ae 00 00 00 00

// Data In 193
eb fc 61 01 b1 d2 e8 81 23 53 72 01 35 61 c1 00 

// Data Out 193
d9 8a 35 65 

// IsMasterMode 194
0

// IsLastPacket 194
1

// RxFIFOAlmostEmpty 194
7

// TxFIFOAlmostFull 194
8

// StartRdAddr 194
53 f5 47 00

// StartWrAddr 194
46 f6 3c 04

// Descriptor 194
08 12 30 00 c4 cf 03 eb e6 c2 ba 73 48 bc 36 26
2a ec 2e 17 44 c2 7f 29 16 de 8f 3c b3 36 38 fc
0d 90 2c cc fd b8 0a 89 00 00 00 00

// Data In 194
cb 98 5a a9 93 54 00 00 

// Data Out 194
cb 56 95 15 9e 59 

// IsMasterMode 195
0

// IsLastPacket 195
1

// RxFIFOAlmostEmpty 195
7

// TxFIFOAlmostFull 195
8

// StartRdAddr 195
61 88 bf 02

// StartWrAddr 195
fa fc 0e 04

// Descriptor 195
18 ee 68 00 e9 35 43 de 01 de 73 02 c9 e5 db 4c
10 40 ad d7 ba e0 84 e5 6b 63 4e 46 ab a3 04 45
24 76 1f b2 62 13 8f 34 00 00 00 00

// Data In 195
90 32 fd 47 63 f9 2d 9e 67 3b 90 37 33 00 00 00 

// Data Out 195
22 07 32 a4 c2 55 e8 14 45 14 7f f3 94 

// IsMasterMode 196
0

// IsLastPacket 196
1

// RxFIFOAlmostEmpty 196
7

// TxFIFOAlmostFull 196
8

// StartRdAddr 196
14 63 ab 01

// StartWrAddr 196
46 c3 f0 05

// Descriptor 196
0c 3a 20 00 bb 4e 57 0b 25 50 fd 64 1c 26 48 43
22 58 95 21 23 14 14 c4 08 f6 34 63 b0 f9 d8 b9
e3 94 d1 27 b3 9b f5 08 00 00 00 00

// Data In 196
5a 7b 65 a6 

// Data Out 196
51 27 42 6a 

// IsMasterMode 197
0

// IsLastPacket 197
1

// RxFIFOAlmostEmpty 197
7

// TxFIFOAlmostFull 197
8

// StartRdAddr 197
fe 44 59 02

// StartWrAddr 197
52 c1 d5 05

// Descriptor 197
1c 3a 18 00 8b b2 2d d7 33 7b 73 f4 31 38 76 7d
c7 27 e4 44 60 17 ad fb ee 1f 22 eb ac 77 20 fd
2d 57 15 08 1b b3 9c 6a 00 00 00 00

// Data In 197
31 b4 a0 00 

// Data Out 197
bb 0f 3e 1e 

// IsMasterMode 198
0

// IsLastPacket 198
1

// RxFIFOAlmostEmpty 198
7

// TxFIFOAlmostFull 198
8

// StartRdAddr 198
96 4f 65 02

// StartWrAddr 198
4a 76 1a 04

// Descriptor 198
18 ba 40 00 5c 77 1b ed d9 77 17 eb 80 33 0a fb
2e 95 cb 58 ae 25 d0 98 c8 e0 d0 b4 d0 b1 2a 6c
18 11 8d b7 85 45 92 c1 00 00 00 00

// Data In 198
57 40 87 f2 29 e3 c6 39 

// Data Out 198
cb f2 0c f0 e5 80 19 ff 

// IsMasterMode 199
0

// IsLastPacket 199
1

// RxFIFOAlmostEmpty 199
7

// TxFIFOAlmostFull 199
8

// StartRdAddr 199
65 b5 f1 02

// StartWrAddr 199
5e 82 e2 05

// Descriptor 199
03 2a 18 00 50 e8 19 24 aa a5 d8 95 63 ff 94 43
c5 d6 de 44 4e b5 8a 1c 4a f7 44 d4 e3 80 bd db
25 7a 1f 3c 1a f2 1b 6b 00 00 00 00

// Data In 199
af e6 0a 00 

// Data Out 199
83 c4 84 f3 

// IsMasterMode 200
0

// IsLastPacket 200
1

// RxFIFOAlmostEmpty 200
7

// TxFIFOAlmostFull 200
8

// StartRdAddr 200
3a 6e 54 02

// StartWrAddr 200
42 3f 11 04

// Descriptor 200
14 0e 40 00 0d 11 53 c6 ee 29 0b 85 c1 d6 87 30
24 cf ab bd f3 94 ac 3e 97 a1 68 b1 ab 9b 26 dc
f9 fc 59 45 67 d3 a6 c4 00 00 00 00

// Data In 200
76 57 aa af 39 74 a4 99 

// Data Out 200
24 61 e5 dd 

